Log file open, 01/18/19 23:49:19
LogWindows: Failed to load 'aqProf.dll' (GetLastError=126)
LogWindows: File 'aqProf.dll' does not exist
LogWindows: Failed to load 'VSPerf140.dll' (GetLastError=126)
LogWindows: File 'VSPerf140.dll' does not exist
LogWindows: Failed to load 'VtuneApi.dll' (GetLastError=126)
LogWindows: File 'VtuneApi.dll' does not exist
LogWindows: Failed to load 'VtuneApi32e.dll' (GetLastError=126)
LogWindows: File 'VtuneApi32e.dll' does not exist
LogInit: Display: Running engine for game: JH_ICWhiteBox001_AP
LogPlatformFile: Not using cached read wrapper
LogTaskGraph: Started task graph with 5 named threads and 23 total threads with 3 sets of task threads.
LogStats: Stats thread started at 0.300328
LogD3D11RHI: Loaded GFSDK_Aftermath_Lib.x64.dll
LogICUInternationalization: Display: ICU TimeZone Detection - Raw Offset: -7:00, Platform Override: ''
LogPluginManager: Mounting plugin Paper2D
LogPluginManager: Mounting plugin AISupport
LogPluginManager: Mounting plugin LightPropagationVolume
LogPluginManager: Mounting plugin CLionSourceCodeAccess
LogPluginManager: Mounting plugin CodeLiteSourceCodeAccess
LogPluginManager: Mounting plugin GitSourceControl
LogPluginManager: Mounting plugin KDevelopSourceCodeAccess
LogPluginManager: Mounting plugin NullSourceCodeAccess
LogPluginManager: Mounting plugin PerforceSourceControl
LogPluginManager: Mounting plugin SubversionSourceControl
LogPluginManager: Mounting plugin UObjectPlugin
LogPluginManager: Mounting plugin VisualStudioCodeSourceCodeAccess
LogPluginManager: Mounting plugin VisualStudioSourceCodeAccess
LogPluginManager: Mounting plugin XCodeSourceCodeAccess
LogPluginManager: Mounting plugin AssetManagerEditor
LogPluginManager: Mounting plugin CryptoKeys
LogPluginManager: Mounting plugin DataValidation
LogPluginManager: Mounting plugin FacialAnimation
LogPluginManager: Mounting plugin GameplayTagsEditor
LogPluginManager: Mounting plugin MacGraphicsSwitching
LogPluginManager: Mounting plugin MeshEditor
LogPluginManager: Mounting plugin MobileLauncherProfileWizard
LogPluginManager: Mounting plugin PluginBrowser
LogPluginManager: Mounting plugin SpeedTreeImporter
LogPluginManager: Mounting plugin DatasmithContent
LogPluginManager: Mounting plugin AlembicImporter
LogPluginManager: Mounting plugin AppleImageUtils
LogPluginManager: Mounting plugin AppleVision
LogPluginManager: Mounting plugin BackChannel
LogPluginManager: Mounting plugin CharacterAI
LogPluginManager: Mounting plugin GeometryCache
LogPluginManager: Mounting plugin HTML5Networking
LogPluginManager: Mounting plugin ProxyLODPlugin
LogPluginManager: Mounting plugin MagicLeap
LogPluginManager: Mounting plugin MagicLeapEmulator
LogPluginManager: Mounting plugin MagicLeapMedia
LogPluginManager: Mounting plugin AndroidMedia
LogPluginManager: Mounting plugin AvfMedia
LogPluginManager: Mounting plugin ImgMedia
LogPluginManager: Mounting plugin LinearTimecode
LogPluginManager: Mounting plugin MediaCompositing
LogPluginManager: Mounting plugin MediaPlayerEditor
LogPluginManager: Mounting plugin WmfMedia
LogPluginManager: Mounting plugin TcpMessaging
LogPluginManager: Mounting plugin UdpMessaging
LogPluginManager: Mounting plugin ActorSequence
LogPluginManager: Mounting plugin LevelSequenceEditor
LogPluginManager: Mounting plugin MatineeToLevelSequence
LogPluginManager: Mounting plugin NetcodeUnitTest
LogPluginManager: Mounting plugin NUTUnrealEngine4
LogPluginManager: Mounting plugin OnlineSubsystemGooglePlay
LogPluginManager: Mounting plugin OnlineSubsystemIOS
LogPluginManager: Mounting plugin OnlineSubsystem
LogPluginManager: Mounting plugin OnlineSubsystemNull
LogPluginManager: Mounting plugin OnlineSubsystemUtils
LogPluginManager: Mounting plugin LauncherChunkInstaller
LogPluginManager: Mounting plugin AndroidDeviceProfileSelector
LogPluginManager: Mounting plugin AndroidMoviePlayer
LogPluginManager: Mounting plugin AndroidPermission
LogPluginManager: Mounting plugin AppleMoviePlayer
LogPluginManager: Mounting plugin ArchVisCharacter
LogPluginManager: Mounting plugin AudioCapture
LogPluginManager: Mounting plugin CableComponent
LogPluginManager: Mounting plugin CustomMeshComponent
LogPluginManager: Mounting plugin EditableMesh
LogPluginManager: Mounting plugin ExampleDeviceProfileSelector
LogPluginManager: Mounting plugin GoogleCloudMessaging
LogPluginManager: Mounting plugin ImmediatePhysics
LogPluginManager: Mounting plugin IOSDeviceProfileSelector
LogPluginManager: Mounting plugin LinuxDeviceProfileSelector
LogPluginManager: Mounting plugin LocationServicesBPLibrary
LogPluginManager: Mounting plugin MobilePatchingUtils
LogPluginManager: Mounting plugin OculusVR
LogPluginManager: Plugin shader directory ../../../Engine/Plugins/Runtime/Oculus/OculusVR/Shaders found
LogPluginManager: Mapping shader source directory ../../../Engine/Plugins/Runtime/Oculus/OculusVR/Shaders to virtual directory /Plugin/OculusVR
LogPluginManager: Mounting plugin PhysXVehicles
LogPluginManager: Mounting plugin ProceduralMeshComponent
LogPluginManager: Mounting plugin RuntimePhysXCooking
LogPluginManager: Mounting plugin SteamVR
LogPluginManager: Mounting plugin WindowsMoviePlayer
LogStreaming: Display: Took  0.252s to configure plugins.
LogInit: Using libcurl 7.55.1-DEV
LogInit:  - built for x86_64-pc-win32
LogInit:  - supports SSL with OpenSSL/1.0.2h
LogInit:  - supports HTTP deflate (compression) using libz 1.2.8
LogInit:  - other features:
LogInit:      CURL_VERSION_SSL
LogInit:      CURL_VERSION_LIBZ
LogInit:      CURL_VERSION_IPV6
LogInit:      CURL_VERSION_ASYNCHDNS
LogInit:      CURL_VERSION_LARGEFILE
LogInit:      CURL_VERSION_IDN
LogInit:  CurlRequestOptions (configurable via config and command line):
LogInit:  - bVerifyPeer = false  - Libcurl will NOT verify peer certificate
LogInit:  - bUseHttpProxy = false  - Libcurl will NOT use HTTP proxy
LogInit:  - bDontReuseConnections = false  - Libcurl will reuse connections
LogInit:  - CertBundlePath = nullptr  - Libcurl will use whatever was configured at build time.
LogInit:  - MaxHostConnections = 16  - Libcurl will limit the number of connections to a host
LogInit:  - LocalHostAddr = Default
LogInit:  - BufferSize = 65536
LogInit: WinSock: version 1.1 (2.2), MaxSocks=32767, MaxUdp=65467
LogInit: Build: ++UE4+Release-4.20-CL-4369336
LogInit: Engine Version: 4.20.3-4369336+++UE4+Release-4.20
LogInit: Compatible Engine Version: 4.20.0-4212847+++UE4+Release-4.20
LogInit: Net CL: 4212847
LogInit: OS: Windows 10 (), CPU: Intel(R) Core(TM) i7-7700HQ CPU @ 2.80GHz, GPU: Intel(R) HD Graphics 630
LogInit: Compiled (64-bit): Sep 17 2018 12:26:19
LogInit: Compiled with Visual C++: 19.13.26129.00
LogInit: Build Configuration: Development
LogInit: Branch Name: ++UE4+Release-4.20
LogInit: Command Line: 
LogInit: Base Directory: C:/Program Files/Epic Games/UE_4.20/Engine/Binaries/Win64/
LogInit: Installed Engine Build: 1
LogDevObjectVersion: Number of dev versions registered: 20
LogDevObjectVersion:   Dev-Blueprints (B0D832E4-1F89-4F0D-ACCF-7EB736FD4AA2): 10
LogDevObjectVersion:   Dev-Build (E1C64328-A22C-4D53-A36C-8E866417BD8C): 0
LogDevObjectVersion:   Dev-Core (375EC13C-06E4-48FB-B500-84F0262A717E): 2
LogDevObjectVersion:   Dev-Editor (E4B068ED-F494-42E9-A231-DA0B2E46BB41): 24
LogDevObjectVersion:   Dev-Framework (CFFC743F-43B0-4480-9391-14DF171D2073): 34
LogDevObjectVersion:   Dev-Mobile (B02B49B5-BB20-44E9-A304-32B752E40360): 2
LogDevObjectVersion:   Dev-Networking (A4E4105C-59A1-49B5-A7C5-40C4547EDFEE): 0
LogDevObjectVersion:   Dev-Online (39C831C9-5AE6-47DC-9A44-9C173E1C8E7C): 0
LogDevObjectVersion:   Dev-Physics (78F01B33-EBEA-4F98-B9B4-84EACCB95AA2): 0
LogDevObjectVersion:   Dev-Platform (6631380F-2D4D-43E0-8009-CF276956A95A): 0
LogDevObjectVersion:   Dev-Rendering (12F88B9F-8875-4AFC-A67C-D90C383ABD29): 26
LogDevObjectVersion:   Dev-Sequencer (7B5AE74C-D270-4C10-A958-57980B212A5A): 9
LogDevObjectVersion:   Dev-VR (D7296918-1DD6-4BDD-9DE2-64A83CC13884): 2
LogDevObjectVersion:   Dev-LoadTimes (C2A15278-BFE7-4AFE-6C17-90FF531DF755): 1
LogDevObjectVersion:   Private-Geometry (6EACA3D4-40EC-4CC1-B786-8BED09428FC5): 3
LogDevObjectVersion:   Dev-AnimPhys (29E575DD-E0A3-4627-9D10-D276232CDCEA): 17
LogDevObjectVersion:   Dev-ReflectionCapture (6B266CEC-1EC7-4B8F-A30B-E4D90942FC07): 1
LogDevObjectVersion:   Dev-Automation (0DF73D61-A23F-47EA-B727-89E90C41499A): 1
LogDevObjectVersion:   FortniteMain (601D1886-AC64-4F84-AA16-D3DE0DEAC7D6): 12
LogDevObjectVersion:   Dev-Enterprise (9DFFBCD6-494F-0158-E221-12823C92A888): 1
LogStreaming: Display: Took  0.009s to delete old logs.
LogInit: Presizing for max 8388607 objects, including 0 objects not considered by GC, pre-allocating 0 bytes for permanent pool.
LogInit: Object subsystem initialized
[2019.01.19-06.49.20:319][  0]LogInit: Selected Device Profile: [Windows]
[2019.01.19-06.49.20:319][  0]LogInit: Applying CVar settings loaded from the selected device profile: [Windows]
[2019.01.19-06.49.20:336][  0]LogHAL: Display: Platform has ~ 16 GB [17031376896 / 17179869184 / 16], which maps to Larger [LargestMinGB=32, LargerMinGB=12, DefaultMinGB=8, SmallerMinGB=6, SmallestMinGB=0)
[2019.01.19-06.49.20:336][  0]LogInit: Setting Device Profile CVar: [[r.Vulkan.UseRealUBs:1]]
[2019.01.19-06.49.20:336][  0]LogInit: Going up to parent DeviceProfile []
[2019.01.19-06.49.20:337][  0]LogInit: Computer: DESKTOP-U9SJI3O
[2019.01.19-06.49.20:337][  0]LogInit: User: JacksonHutson
[2019.01.19-06.49.20:337][  0]LogInit: CPU Page size=4096, Cores=4
[2019.01.19-06.49.20:337][  0]LogInit: High frequency timer resolution =2.742189 MHz
[2019.01.19-06.49.20:337][  0]LogMemory: Memory total: Physical=15.9GB (16GB approx)
[2019.01.19-06.49.20:337][  0]LogMemory: Platform Memory Stats for Windows
[2019.01.19-06.49.20:337][  0]LogMemory: Process Physical Memory: 99.38 MB used, 99.38 MB peak
[2019.01.19-06.49.20:337][  0]LogMemory: Process Virtual Memory: 90.98 MB used, 90.98 MB peak
[2019.01.19-06.49.20:337][  0]LogMemory: Physical Memory: 6614.57 MB used,  9627.81 MB free, 16242.39 MB total
[2019.01.19-06.49.20:337][  0]LogMemory: Virtual Memory: 4645.25 MB used,  9627.81 MB free, 134217728.00 MB total
[2019.01.19-06.49.20:429][  0]LogInit: Using OS detected language (en-US).
[2019.01.19-06.49.20:429][  0]LogInit: Using OS detected locale (en-US).
[2019.01.19-06.49.20:432][  0]LogTextLocalizationManager: No specific localization for 'en-US' exists, so the 'en' localization will be used.
[2019.01.19-06.49.20:911][  0]LogStreaming: Display: Took  0.483s to InitEngineTextLocalization.
[2019.01.19-06.49.20:911][  0]LogInit: Setting process to per monitor DPI aware
[2019.01.19-06.49.20:950][  0]LogSlate: New Slate User Created.  User Index 0, Is Virtual User: 0
[2019.01.19-06.49.20:950][  0]LogSlate: Slate User Registered.  User Index 0, Is Virtual User: 0
[2019.01.19-06.49.21:213][  0]LogHMD: Failed to initialize OpenVR with code 110
[2019.01.19-06.49.21:214][  0]LogD3D11RHI: D3D11 adapters:
[2019.01.19-06.49.21:521][  0]LogD3D11RHI:    0. 'NVIDIA GeForce GTX 1050' (Feature Level 11_0)
[2019.01.19-06.49.21:521][  0]LogD3D11RHI:       1979/0/8121 MB DedicatedVideo/DedicatedSystem/SharedSystem, Outputs:1, VendorId:0x10de
[2019.01.19-06.49.21:551][  0]LogD3D11RHI:    1. 'Intel(R) HD Graphics 630' (Feature Level 11_0)
[2019.01.19-06.49.21:551][  0]LogD3D11RHI:       128/0/8121 MB DedicatedVideo/DedicatedSystem/SharedSystem, Outputs:0, VendorId:0x8086
[2019.01.19-06.49.21:558][  0]LogD3D11RHI:    2. 'Microsoft Basic Render Driver' (Feature Level 11_0)
[2019.01.19-06.49.21:558][  0]LogD3D11RHI:       0/0/8121 MB DedicatedVideo/DedicatedSystem/SharedSystem, Outputs:0, VendorId:0x1414
[2019.01.19-06.49.21:558][  0]LogD3D11RHI: Chosen D3D11 Adapter: 0
[2019.01.19-06.49.21:606][  0]LogD3D11RHI: Creating new Direct3DDevice
[2019.01.19-06.49.21:606][  0]LogD3D11RHI:     GPU DeviceId: 0x1c8d (for the marketing name, search the web for "GPU Device Id")
[2019.01.19-06.49.21:606][  0]LogWindows: EnumDisplayDevices:
[2019.01.19-06.49.21:606][  0]LogWindows:    0. 'Intel(R) HD Graphics 630' (P:1 D:1)
[2019.01.19-06.49.21:606][  0]LogWindows:    1. 'Intel(R) HD Graphics 630' (P:0 D:0)
[2019.01.19-06.49.21:607][  0]LogWindows:    2. 'Intel(R) HD Graphics 630' (P:0 D:0)
[2019.01.19-06.49.21:607][  0]LogWindows: DebugString: PrimaryIsNotTheChoosenAdapter PrimaryIsNotTheChoosenAdapter PrimaryIsNotTheChoosenAdapter FoundDriverCount:0 
[2019.01.19-06.49.21:607][  0]LogD3D11RHI:     Adapter Name: NVIDIA GeForce GTX 1050
[2019.01.19-06.49.21:607][  0]LogD3D11RHI:   Driver Version: Unknown (internal:Unknown, unified:Unknown)
[2019.01.19-06.49.21:607][  0]LogD3D11RHI:      Driver Date: Unknown
[2019.01.19-06.49.21:607][  0]LogRHI: Texture pool is 1385 MB (70% of 1979 MB)
[2019.01.19-06.49.21:652][  0]LogD3D11RHI: Async texture creation enabled
[2019.01.19-06.49.21:669][  0]LogD3D11RHI: GPU Timing Frequency: 1000.000000 (Debug: 2 2)
[2019.01.19-06.49.21:672][  0]LogShaderCompilers: Guid format shader working directory is -34 characters bigger than the processId version (../../../../../../Users/Jackson Hutson/Documents/GitHub/whiteboxlevel/JH_ICWhiteBox001_AP/Intermediate/Shaders/WorkingDirectory/2932/).
[2019.01.19-06.49.21:672][  0]LogShaderCompilers: Cleaned the shader compiler working directory 'C:/Users/Jackson Hutson/AppData/Local/Temp/UnrealShaderWorkingDir/E9CED1ED42887BF57BC979AEE4D04F51/'.
[2019.01.19-06.49.22:153][  0]LogTemp: Display: Loaded TP AllDesktopTargetPlatform
[2019.01.19-06.49.22:176][  0]LogTemp: Display: Loaded TP MacClientTargetPlatform
[2019.01.19-06.49.22:199][  0]LogTemp: Display: Loaded TP MacNoEditorTargetPlatform
[2019.01.19-06.49.22:223][  0]LogTemp: Display: Loaded TP MacServerTargetPlatform
[2019.01.19-06.49.22:246][  0]LogTemp: Display: Loaded TP MacTargetPlatform
[2019.01.19-06.49.22:276][  0]LogTemp: Display: Loaded TP WindowsClientTargetPlatform
[2019.01.19-06.49.22:322][  0]LogTemp: Display: Loaded TP WindowsNoEditorTargetPlatform
[2019.01.19-06.49.22:364][  0]LogTemp: Display: Loaded TP WindowsServerTargetPlatform
[2019.01.19-06.49.22:387][  0]LogTemp: Display: Loaded TP WindowsTargetPlatform
[2019.01.19-06.49.22:545][  0]LogTemp: Display: Loaded TP AndroidTargetPlatform
[2019.01.19-06.49.22:545][  0]LogTemp: Display: Loaded TP AndroidTargetPlatform
[2019.01.19-06.49.22:545][  0]LogTemp: Display: Loaded TP AndroidTargetPlatform
[2019.01.19-06.49.22:545][  0]LogTemp: Display: Loaded TP AndroidTargetPlatform
[2019.01.19-06.49.22:545][  0]LogTemp: Display: Loaded TP AndroidTargetPlatform
[2019.01.19-06.49.22:545][  0]LogTemp: Display: Loaded TP AndroidTargetPlatform
[2019.01.19-06.49.22:545][  0]LogTemp: Display: Loaded TP AndroidTargetPlatform
[2019.01.19-06.49.22:545][  0]LogTemp: Display: Loaded TP AndroidTargetPlatform
[2019.01.19-06.49.22:545][  0]LogTemp: Display: Loaded TP AndroidTargetPlatform
[2019.01.19-06.49.22:545][  0]LogTemp: Display: Loaded TP AndroidTargetPlatform
[2019.01.19-06.49.22:545][  0]LogTemp: Display: Loaded TP AndroidTargetPlatform
[2019.01.19-06.49.22:545][  0]LogTemp: Display: Loaded TP AndroidTargetPlatform
[2019.01.19-06.49.22:545][  0]LogTemp: Display: Loaded TP AndroidTargetPlatform
[2019.01.19-06.49.22:545][  0]LogTemp: Display: Loaded TP AndroidTargetPlatform
[2019.01.19-06.49.22:545][  0]LogTemp: Display: Loaded TP AndroidTargetPlatform
[2019.01.19-06.49.22:545][  0]LogTemp: Display: Loaded TP AndroidTargetPlatform
[2019.01.19-06.49.22:545][  0]LogTemp: Display: Loaded TP AndroidTargetPlatform
[2019.01.19-06.49.22:545][  0]LogTemp: Display: Loaded TP AndroidTargetPlatform
[2019.01.19-06.49.22:549][  0]LogTemp: Display: Loaded TP HTML5TargetPlatform
[2019.01.19-06.49.22:631][  0]LogTemp: Display: Loaded TP IOSTargetPlatform
[2019.01.19-06.49.22:631][  0]LogTemp: Display: Loaded TP IOSTargetPlatform
[2019.01.19-06.49.22:673][  0]LogTemp: Display: Loaded TP TVOSTargetPlatform
[2019.01.19-06.49.22:673][  0]LogTemp: Display: Loaded TP TVOSTargetPlatform
[2019.01.19-06.49.22:695][  0]LogTemp: Display: Loaded TP LinuxClientTargetPlatform
[2019.01.19-06.49.22:717][  0]LogTemp: Display: Loaded TP LinuxNoEditorTargetPlatform
[2019.01.19-06.49.22:739][  0]LogTemp: Display: Loaded TP LinuxServerTargetPlatform
[2019.01.19-06.49.22:763][  0]LogTemp: Display: Loaded TP LinuxTargetPlatform
[2019.01.19-06.49.22:781][  0]LogTemp: Display: Loaded TP LuminTargetPlatform
[2019.01.19-06.49.22:781][  0]LogTargetPlatformManager: Display: Building Assets For Windows
[2019.01.19-06.49.22:944][  0]LogXGEController: Cannot use XGE Controller as Incredibuild is not installed on this machine.
[2019.01.19-06.49.22:944][  0]LogShaderCompilers: Cannot use XGE Shader Compiler as Incredibuild is not installed on this machine.
[2019.01.19-06.49.22:944][  0]LogShaderCompilers: Display: Using Local Shader Compiler.
[2019.01.19-06.49.24:069][  0]LogDerivedDataCache: Display: Max Cache Size: 512 MB
[2019.01.19-06.49.24:181][  0]LogDerivedDataCache: Loaded boot cache 0.11s 71MB C:/Users/Jackson Hutson/AppData/Local/UnrealEngine/4.20/DerivedDataCache/Boot.ddc.
[2019.01.19-06.49.24:184][  0]LogDerivedDataCache: Display: Loaded Boot cache: C:/Users/Jackson Hutson/AppData/Local/UnrealEngine/4.20/DerivedDataCache/Boot.ddc
[2019.01.19-06.49.24:184][  0]LogDerivedDataCache: FDerivedDataBackendGraph:  Pak pak cache file ../../../../../../Users/Jackson Hutson/Documents/GitHub/whiteboxlevel/JH_ICWhiteBox001_AP/DerivedDataCache/DDC.ddp not found, will not use a pak cache.
[2019.01.19-06.49.24:184][  0]LogDerivedDataCache: Unable to find inner node Pak for hierarchical cache Hierarchy.
[2019.01.19-06.49.24:184][  0]LogDerivedDataCache: FDerivedDataBackendGraph:  CompressedPak pak cache file ../../../../../../Users/Jackson Hutson/Documents/GitHub/whiteboxlevel/JH_ICWhiteBox001_AP/DerivedDataCache/Compressed.ddp not found, will not use a pak cache.
[2019.01.19-06.49.24:184][  0]LogDerivedDataCache: Unable to find inner node CompressedPak for hierarchical cache Hierarchy.
[2019.01.19-06.49.24:212][  0]LogDerivedDataCache: Display: Pak cache opened for reading ../../../Engine/DerivedDataCache/Compressed.ddp.
[2019.01.19-06.49.24:225][  0]LogDerivedDataCache: Using Local data cache path C:/Users/Jackson Hutson/AppData/Local/UnrealEngine/Common/DerivedDataCache: Writable
[2019.01.19-06.49.24:225][  0]LogDerivedDataCache: Shared data cache path not found in *engine.ini, will not use an Shared cache.
[2019.01.19-06.49.24:225][  0]LogDerivedDataCache: Unable to find inner node Shared for hierarchical cache Hierarchy.
[2019.01.19-06.49.24:265][  0]LogMaterial: Verifying Global Shaders for PCD3D_SM5
[2019.01.19-06.49.24:268][  0]LogSlate: Using FreeType 2.6.0
[2019.01.19-06.49.24:269][  0]LogSlate: SlateFontServices - WITH_FREETYPE: 1, WITH_HARFBUZZ: 1
[2019.01.19-06.49.24:424][  0]LogAssetRegistry: FAssetRegistry took 0.0268 seconds to start up
[2019.01.19-06.49.24:796][  0]LogInit: Selected Device Profile: [Windows]
[2019.01.19-06.49.25:234][  0]LogSimplygon: Simplygon DLL not present - disabling.
[2019.01.19-06.49.25:253][  0]LogMeshReduction: Using SimplygonSwarm for distributed automatic mesh merging
[2019.01.19-06.49.25:253][  0]LogMeshReduction: Using ProxyLODMeshReduction for automatic mesh merging
[2019.01.19-06.49.25:253][  0]LogMeshReduction: Using QuadricMeshReduction for automatic static mesh reduction
[2019.01.19-06.49.25:253][  0]LogMeshReduction: No automatic skeletal mesh reduction module available
[2019.01.19-06.49.25:309][  0]LogNetVersion: JH_ICWhiteBox001_AP 1.0.0, NetCL: 4212847, EngineNetVer: 5, GameNetVer: 0 (Checksum: 2852069992)
[2019.01.19-06.49.26:114][  0]LogPackageLocalizationCache: Processed 11 localized package path(s) for 2 prioritized culture(s) in 0.155165 seconds
[2019.01.19-06.49.26:124][  0]LogUObjectArray: 38425 objects as part of root set at end of initial load.
[2019.01.19-06.49.26:124][  0]LogUObjectAllocator: 6690864 out of 0 bytes used by permanent object pool.
[2019.01.19-06.49.26:124][  0]LogUObjectArray: CloseDisregardForGC: 0/0 objects in disregard for GC pool
[2019.01.19-06.49.28:050][  0]LogTcpMessaging: Initializing TcpMessaging bridge
[2019.01.19-06.49.28:066][  0]LogUdpMessaging: Initializing bridge on interface 0.0.0.0:0 to multicast group 230.0.0.1:6666.
[2019.01.19-06.49.28:452][  0]SourceControl: Source control is disabled
[2019.01.19-06.49.28:452][  0]SourceControl: Source control is disabled
[2019.01.19-06.49.28:460][  0]SourceControl: Source control is disabled
[2019.01.19-06.49.28:466][  0]SourceControl: Source control is disabled
[2019.01.19-06.49.28:920][  0]LogAndroidPermission: UAndroidPermissionCallbackProxy::GetInstance
[2019.01.19-06.49.29:190][  0]LogOcInput: OculusInput pre-init called
[2019.01.19-06.49.29:351][  0]LogEngine: Initializing Engine...
[2019.01.19-06.49.29:353][  0]LogHMD: Failed to initialize OpenVR with code 110
[2019.01.19-06.49.29:354][  0]LogStats: UGameplayTagsManager::ConstructGameplayTagTree: ImportINI prefixes -  0.000 s
[2019.01.19-06.49.29:354][  0]LogStats: UGameplayTagsManager::ConstructGameplayTagTree: Construct from data asset -  0.000 s
[2019.01.19-06.49.29:354][  0]LogStats: UGameplayTagsManager::ConstructGameplayTagTree: ImportINI -  0.000 s
[2019.01.19-06.49.29:354][  0]LogStats: UGameplayTagsManager::ConstructGameplayTagTree: GameplayTagTreeChangedEvent.Broadcast -  0.000 s
[2019.01.19-06.49.29:681][  0]LogInit: Initializing FReadOnlyCVARCache
[2019.01.19-06.49.29:705][  0]LogAIModule: Creating AISystem for world Untitled
[2019.01.19-06.49.29:726][  0]LogInit: XAudio2 using 'Speakers (Realtek High Definition Audio)' : 2 channels at 48 kHz using 32 bits per sample (channel mask 0x3)
[2019.01.19-06.49.29:897][  0]LogInit: FAudioDevice initialized.
[2019.01.19-06.49.29:898][  0]LogNetVersion: Set ProjectVersion to 1.0.0.0. Version Checksum will be recalculated on next use.
[2019.01.19-06.49.29:990][  0]LogDerivedDataCache: Saved boot cache 0.09s 71MB C:/Users/Jackson Hutson/AppData/Local/UnrealEngine/4.20/DerivedDataCache/Boot.ddc.
[2019.01.19-06.49.30:009][  0]LogInit: Texture streaming: Enabled
[2019.01.19-06.49.30:066][  0]LogEngineSessionManager: EngineSessionManager initialized
[2019.01.19-06.49.30:102][  0]LogInit: Transaction tracking system initialized
[2019.01.19-06.49.30:181][  0]BlueprintLog: New page: Editor Load
[2019.01.19-06.49.30:438][  0]LocalizationService: Localization service is disabled
[2019.01.19-06.49.30:958][  0]LogCook: Display: Max memory allowance for cook 16384mb min free memory 0mb
[2019.01.19-06.49.30:958][  0]LogCook: Display: Mobile HDR setting 1
[2019.01.19-06.49.30:958][  0]LogGameplayTags: Display: UGameplayTagsManager::DoneAddingNativeTags. DelegateIsBound: 0
[2019.01.19-06.49.30:958][  0]LogStats: UGameplayTagsManager::ConstructGameplayTagTree: ImportINI prefixes -  0.000 s
[2019.01.19-06.49.30:959][  0]LogStats: UGameplayTagsManager::ConstructGameplayTagTree: Construct from data asset -  0.000 s
[2019.01.19-06.49.30:959][  0]LogStats: UGameplayTagsManager::ConstructGameplayTagTree: ImportINI -  0.000 s
[2019.01.19-06.49.30:959][  0]LogStats: UGameplayTagsManager::ConstructGameplayTagTree: GameplayTagTreeChangedEvent.Broadcast -  0.000 s
[2019.01.19-06.49.31:298][  0]LogFileCache: Scanning file cache for directory 'C:/Users/Jackson Hutson/Documents/GitHub/whiteboxlevel/JH_ICWhiteBox001_AP/Content/' took 0.01s
[2019.01.19-06.49.31:298][  0]SourceControl: Source control is disabled
[2019.01.19-06.49.31:299][  0]Cmd: MAP LOAD FILE="../../../Engine/Content/Maps/Templates/Template_Default.umap" TEMPLATE=1 SHOWPROGRESS=1 FEATURELEVEL=3
[2019.01.19-06.49.31:299][  0]LightingResults: New page: Lighting Build
[2019.01.19-06.49.31:306][  0]MapCheck: New page: Map Check
[2019.01.19-06.49.31:306][  0]LightingResults: New page: Lighting Build
[2019.01.19-06.49.31:847][  0]LogAIModule: Creating AISystem for world Untitled_1
[2019.01.19-06.49.31:862][  0]LogEditorServer: Finished looking for orphan Actors (0.000 secs)
[2019.01.19-06.49.31:901][  0]Cmd: MAP CHECKDEP NOCLEARLOG
[2019.01.19-06.49.31:992][  0]MapCheck: Map check complete: 0 Error(s), 0 Warning(s), took 90.457ms to complete.
[2019.01.19-06.49.31:992][  0]LogFileHelpers: Loading map 'Template_Default' took 0.693
[2019.01.19-06.49.32:195][  0]LogSlate: Updating window title bar state: overlay mode, drag disabled, window buttons hidden, title bar hidden
[2019.01.19-06.49.32:219][  0]LogSlate: Updating window title bar state: overlay mode, drag disabled, window buttons hidden, title bar hidden
[2019.01.19-06.49.32:240][  0]LogSlate: Updating window title bar state: overlay mode, drag disabled, window buttons hidden, title bar hidden
[2019.01.19-06.49.32:260][  0]LogSlate: Updating window title bar state: overlay mode, drag disabled, window buttons hidden, title bar hidden
[2019.01.19-06.49.32:286][  0]LogCollectionManager: Loaded 0 collections in 0.004783 seconds
[2019.01.19-06.49.32:362][  0]LogFileCache: Scanning file cache for directory 'C:/Users/Jackson Hutson/Documents/GitHub/whiteboxlevel/JH_ICWhiteBox001_AP/Saved/Collections/' took 0.01s
[2019.01.19-06.49.32:363][  0]LogFileCache: Scanning file cache for directory 'C:/Users/Jackson Hutson/Documents/GitHub/whiteboxlevel/JH_ICWhiteBox001_AP/Content/Developers/JacksonHutson/Collections/' took 0.01s
[2019.01.19-06.49.32:363][  0]LogFileCache: Scanning file cache for directory 'C:/Users/Jackson Hutson/Documents/GitHub/whiteboxlevel/JH_ICWhiteBox001_AP/Content/Collections/' took 0.01s
[2019.01.19-06.49.32:363][  0]LogCollectionManager: Rebuilt the GUID cache for 0 collections in 0.000001 seconds
[2019.01.19-06.49.32:394][  0]LogContentBrowser: Native class hierarchy populated in 0.0289 seconds. Added 2572 classes and 603 folders.
[2019.01.19-06.49.32:420][  0]LogContentBrowser: Native class hierarchy updated for 'WidgetCarousel' in 0.0006 seconds. Added 0 classes and 0 folders.
[2019.01.19-06.49.32:637][  0]LogContentBrowser: Native class hierarchy updated for 'AddContentDialog' in 0.0004 seconds. Added 0 classes and 0 folders.
[2019.01.19-06.49.32:654][  0]LogContentBrowser: Native class hierarchy updated for 'SceneOutliner' in 0.0004 seconds. Added 1 classes and 2 folders.
[2019.01.19-06.49.32:729][  0]LogSlate: Took 0.000309 seconds to synchronously load lazily loaded font '../../../Engine/Content/Slate/Fonts/Roboto-Regular.ttf' (155K)
[2019.01.19-06.49.32:733][  0]LogSlate: Took 0.000315 seconds to synchronously load lazily loaded font '../../../Engine/Content/Slate/Fonts/Roboto-Bold.ttf' (160K)
[2019.01.19-06.49.32:746][  0]LogSlate: Took 0.001355 seconds to synchronously load lazily loaded font '../../../Engine/Content/Editor/Slate/Fonts/FontAwesome.ttf' (139K)
[2019.01.19-06.49.32:869][  0]LogRenderer: Reallocating scene render targets to support 964x460 Format 10 NumSamples 1 (Frame:1).
[2019.01.19-06.49.33:138][  0]LogContentBrowser: Native class hierarchy updated for 'HierarchicalLODOutliner' in 0.0006 seconds. Added 0 classes and 0 folders.
[2019.01.19-06.49.33:139][  0]LogLoad: (Engine Initialization) Total time: 15.16 seconds
[2019.01.19-06.49.33:139][  0]LogLoad: (Engine Initialization) Total Blueprint compile time: 0.00 seconds
[2019.01.19-06.49.33:195][  0]LogContentStreaming: Texture pool size now 1000 MB
[2019.01.19-06.49.33:293][  2]LogAssetRegistry: Asset discovery search completed in 8.8905 seconds
[2019.01.19-06.49.33:296][  2]LogCollectionManager: Rebuilt the object cache for 0 collections in 0.000000 seconds (found 0 objects)
[2019.01.19-06.49.33:296][  2]LogCollectionManager: Fixed up redirectors for 0 collections in 0.000096 seconds (updated 0 objects)
[2019.01.19-06.49.37:967][ 16]LogSlate: FSceneViewport::OnFocusLost() reason 0
[2019.01.19-06.49.38:794][ 53]LogSlate: Took 0.002422 seconds to synchronously load lazily loaded font '../../../Engine/Content/Slate/Fonts/Roboto-Light.ttf' (167K)
[2019.01.19-06.49.39:054][ 53]LogAIModule: Creating AISystem for world JH_StreetLevel
[2019.01.19-06.49.39:084][ 53]LogAssetEditorManager: Opening Asset editor for World /Game/JH_StreetLevel.JH_StreetLevel
[2019.01.19-06.49.39:114][ 53]Cmd: MAP LOAD FILE="../../../../../../Users/Jackson Hutson/Documents/GitHub/whiteboxlevel/JH_ICWhiteBox001_AP/Content/JH_StreetLevel.umap" TEMPLATE=0 SHOWPROGRESS=1 FEATURELEVEL=3
[2019.01.19-06.49.39:114][ 53]LightingResults: New page: Lighting Build
[2019.01.19-06.49.39:115][ 53]LoadErrors: New page: Loading map: JH_StreetLevel.umap
[2019.01.19-06.49.39:115][ 53]MapCheck: New page: Map Check
[2019.01.19-06.49.39:115][ 53]LightingResults: New page: Lighting Build
[2019.01.19-06.49.39:152][ 53]LogEditorServer: Finished looking for orphan Actors (0.000 secs)
[2019.01.19-06.49.39:190][ 53]Cmd: MAP CHECKDEP NOCLEARLOG
[2019.01.19-06.49.39:259][ 53]MapCheck: Map check complete: 0 Error(s), 0 Warning(s), took 69.115ms to complete.
[2019.01.19-06.49.39:260][ 53]LogFileHelpers: Loading map 'JH_StreetLevel' took 0.147
[2019.01.19-06.49.51:115][521]LogAssetEditorManager: Opening Asset editor for Material /Game/Materials/M_WBox_grass.M_WBox_grass
[2019.01.19-06.49.51:133][521]LogMaterial: Display: Missing cached shader map for material M_WBox_grass, compiling. 
[2019.01.19-06.49.51:710][521]LogMaterial: Display: Missing cached shader map for material M_WBox_grass, compiling. 
[2019.01.19-06.49.51:753][521]LogMaterial: Display: Missing cached shader map for material M_WBox_grass, compiling. 
[2019.01.19-06.49.51:780][521]LogShaderCompilers: Display: Shaders left to compile 21
[2019.01.19-06.49.51:780][521]LogShaderCompilers: Display: Shaders left to compile 20
[2019.01.19-06.49.51:780][521]LogShaderCompilers: Display: Shaders left to compile 19
[2019.01.19-06.49.51:780][521]LogShaderCompilers: Display: Shaders left to compile 18
[2019.01.19-06.49.51:808][521]LogMaterial: Display: Missing cached shader map for material FMatExpressionPreview MaterialExpressionVectorParameter_0, compiling. 
[2019.01.19-06.49.51:865][521]LogSlate: Took 0.001408 seconds to synchronously load lazily loaded font '../../../Engine/Content/Slate/Fonts/Roboto-BoldCondensed.ttf' (158K)
[2019.01.19-06.49.52:078][522]LogSlate: Took 0.001002 seconds to synchronously load lazily loaded font '../../../Engine/Content/Slate/Fonts/Roboto-Italic.ttf' (157K)
[2019.01.19-06.49.54:537][585]LogShaderCompilers: Display: Shaders left to compile 19
[2019.01.19-06.49.54:909][594]LogShaderCompilers: Display: Shaders left to compile 18
[2019.01.19-06.49.55:018][597]LogShaderCompilers: Display: Shaders left to compile 17
[2019.01.19-06.49.55:724][615]LogShaderCompilers: Display: Shaders left to compile 16
[2019.01.19-06.49.56:128][625]LogShaderCompilers: Display: Shaders left to compile 15
[2019.01.19-06.49.56:329][630]LogShaderCompilers: Display: Shaders left to compile 14
[2019.01.19-06.49.56:357][631]LogShaderCompilers: Display: Shaders left to compile 13
[2019.01.19-06.49.56:768][642]LogShaderCompilers: Display: Shaders left to compile 12
[2019.01.19-06.49.57:548][660]LogShaderCompilers: Display: Shaders left to compile 11
[2019.01.19-06.49.59:089][696]LogShaderCompilers: Display: Shaders left to compile 10
[2019.01.19-06.49.59:968][718]LogShaderCompilers: Display: Shaders left to compile 9
[2019.01.19-06.50.00:106][722]LogShaderCompilers: Display: Shaders left to compile 8
[2019.01.19-06.50.01:674][763]LogShaderCompilers: Display: Shaders left to compile 7
[2019.01.19-06.50.01:922][770]LogShaderCompilers: Display: Shaders left to compile 6
[2019.01.19-06.50.03:061][799]LogShaderCompilers: Display: Shaders left to compile 5
[2019.01.19-06.50.03:335][806]LogShaderCompilers: Display: Shaders left to compile 4
[2019.01.19-06.50.03:335][806]LogShaderCompilers: Display: Shaders left to compile 3
[2019.01.19-06.50.03:475][809]LogMaterial: Display: Missing cached shader map for material M_WBox_grass, compiling. 
[2019.01.19-06.50.03:517][809]LogMaterial: Display: Missing cached shader map for material FMatExpressionPreview MaterialExpressionVectorParameter_0, compiling. 
[2019.01.19-06.50.04:440][830]LogShaderCompilers: Display: Shaders left to compile 23
[2019.01.19-06.50.04:938][841]LogShaderCompilers: Display: Shaders left to compile 22
[2019.01.19-06.50.05:447][853]LogShaderCompilers: Display: Shaders left to compile 21
[2019.01.19-06.50.05:527][855]LogShaderCompilers: Display: Shaders left to compile 20
[2019.01.19-06.50.05:850][863]LogShaderCompilers: Display: Shaders left to compile 19
[2019.01.19-06.50.06:167][871]LogMaterial: Display: Missing cached shader map for material M_WBox_grass, compiling. 
[2019.01.19-06.50.06:203][871]LogMaterial: Display: Missing cached shader map for material FMatExpressionPreview MaterialExpressionVectorParameter_0, compiling. 
[2019.01.19-06.50.06:233][871]LogSlate: Window 'Color Picker' being destroyed
[2019.01.19-06.50.06:506][877]LogShaderCompilers: Display: Shaders left to compile 23
[2019.01.19-06.50.06:639][880]LogShaderCompilers: Display: Shaders left to compile 22
[2019.01.19-06.50.06:832][884]LogShaderCompilers: Display: Shaders left to compile 21
[2019.01.19-06.50.07:117][890]LogShaderCompilers: Display: Shaders left to compile 20
[2019.01.19-06.50.07:792][904]LogShaderCompilers: Display: Shaders left to compile 19
[2019.01.19-06.50.08:209][913]LogShaderCompilers: Display: Shaders left to compile 18
[2019.01.19-06.50.08:627][922]LogShaderCompilers: Display: Shaders left to compile 17
[2019.01.19-06.50.08:808][926]LogShaderCompilers: Display: Shaders left to compile 16
[2019.01.19-06.50.08:875][927]LogShaderCompilers: Display: Shaders left to compile 15
[2019.01.19-06.50.09:244][936]LogShaderCompilers: Display: Shaders left to compile 14
[2019.01.19-06.50.09:642][947]LogShaderCompilers: Display: Shaders left to compile 13
[2019.01.19-06.50.10:095][959]LogMaterialEditor: Saving and Compiling material M_WBox_grass
[2019.01.19-06.50.11:232][959]LogShaderCompilers: Display: Shaders left to compile 12
[2019.01.19-06.50.11:233][959]LogShaderCompilers: Display: Shaders left to compile 11
[2019.01.19-06.50.11:233][959]LogShaderCompilers: Display: Shaders left to compile 10
[2019.01.19-06.50.11:233][959]LogShaderCompilers: Display: Shaders left to compile 9
[2019.01.19-06.50.11:233][959]LogShaderCompilers: Display: Shaders left to compile 8
[2019.01.19-06.50.11:233][959]LogShaderCompilers: Display: Shaders left to compile 7
[2019.01.19-06.50.11:233][959]LogShaderCompilers: Display: Shaders left to compile 6
[2019.01.19-06.50.11:233][959]LogShaderCompilers: Display: Shaders left to compile 5
[2019.01.19-06.50.11:264][959]LogMaterial: Display: Missing cached shader map for material M_WBox_grass, compiling. 
[2019.01.19-06.50.11:349][959]LogShaderCompilers: Display: Shaders left to compile 2
[2019.01.19-06.50.11:349][959]LogShaderCompilers: Display: Shaders left to compile 1
[2019.01.19-06.50.11:398][959]LogMaterial: Display: Missing cached shader map for material M_WBox_grass, compiling. 
[2019.01.19-06.50.11:432][959]LogMaterial: Display: Missing cached shader map for material M_WBox_grass, compiling. 
[2019.01.19-06.50.11:505][959]LogMaterial: Display: Missing cached shader map for material FDebugViewModeMaterialProxy M_WBox_grass, compiling. 
[2019.01.19-06.50.13:982][959]LogShaderCompilers: Display: Shaders left to compile 44
[2019.01.19-06.50.13:982][959]LogShaderCompilers: Display: Shaders left to compile 43
[2019.01.19-06.50.13:982][959]LogShaderCompilers: Display: Shaders left to compile 42
[2019.01.19-06.50.13:982][959]LogShaderCompilers: Display: Shaders left to compile 41
[2019.01.19-06.50.13:982][959]LogShaderCompilers: Display: Shaders left to compile 40
[2019.01.19-06.50.13:982][959]LogShaderCompilers: Display: Shaders left to compile 39
[2019.01.19-06.50.13:982][959]LogShaderCompilers: Display: Shaders left to compile 38
[2019.01.19-06.50.13:982][959]LogShaderCompilers: Display: Shaders left to compile 37
[2019.01.19-06.50.13:982][959]LogShaderCompilers: Display: Shaders left to compile 36
[2019.01.19-06.50.13:983][959]LogShaderCompilers: Display: Shaders left to compile 35
[2019.01.19-06.50.13:983][959]LogShaderCompilers: Display: Shaders left to compile 34
[2019.01.19-06.50.13:983][959]LogShaderCompilers: Display: Shaders left to compile 33
[2019.01.19-06.50.13:983][959]LogShaderCompilers: Display: Shaders left to compile 32
[2019.01.19-06.50.13:983][959]LogShaderCompilers: Display: Shaders left to compile 31
[2019.01.19-06.50.13:983][959]LogShaderCompilers: Display: Shaders left to compile 30
[2019.01.19-06.50.13:983][959]LogShaderCompilers: Display: Shaders left to compile 29
[2019.01.19-06.50.13:983][959]LogShaderCompilers: Display: Shaders left to compile 28
[2019.01.19-06.50.13:983][959]LogShaderCompilers: Display: Shaders left to compile 27
[2019.01.19-06.50.13:983][959]LogShaderCompilers: Display: Shaders left to compile 26
[2019.01.19-06.50.13:983][959]LogShaderCompilers: Display: Shaders left to compile 25
[2019.01.19-06.50.13:983][959]LogShaderCompilers: Display: Shaders left to compile 24
[2019.01.19-06.50.13:983][959]LogShaderCompilers: Display: Shaders left to compile 23
[2019.01.19-06.50.13:983][959]LogShaderCompilers: Display: Shaders left to compile 22
[2019.01.19-06.50.13:983][959]LogShaderCompilers: Display: Shaders left to compile 12
[2019.01.19-06.50.13:983][959]LogShaderCompilers: Display: Shaders left to compile 2
[2019.01.19-06.50.13:993][959]TextureStreamingBuild: Display: Compiling optional shaders took 2.499 seconds.
[2019.01.19-06.50.17:986][959]LogSavePackage: Moving '../../../../../../Users/Jackson Hutson/Documents/GitHub/whiteboxlevel/JH_ICWhiteBox001_AP/Saved/M_WBox_grass1D17F5754DEBAAAC63D51D8C28A48FFE.tmp' to '../../../../../../Users/Jackson Hutson/Documents/GitHub/whiteboxlevel/JH_ICWhiteBox001_AP/Content/Materials/M_WBox_grass.uasset'
[2019.01.19-06.50.18:001][959]MaterialEditorStats: Base pass shader: 101 instructions
[2019.01.19-06.50.18:001][959]MaterialEditorStats: Base pass shader with Volumetric Lightmap: 174 instructions
[2019.01.19-06.50.18:001][959]MaterialEditorStats: Base pass vertex shader: 32 instructions
[2019.01.19-06.50.18:001][959]MaterialEditorStats: Texture samplers: 3/16
[2019.01.19-06.50.24:052][131]LogSlate: Window 'M_WBox_grass' being destroyed
[2019.01.19-06.50.24:070][131]LogSlate: Window 'M_WBox_grass' being destroyed
[2019.01.19-06.50.59:879][480]LogSlate: FSceneViewport::OnFocusLost() reason 2
[2019.01.19-06.51.03:817][595]LogSlate: FSceneViewport::OnFocusLost() reason 2
[2019.01.19-06.51.12:181][876]LogSlate: FSceneViewport::OnFocusLost() reason 0
[2019.01.19-06.51.12:671][882]LogSlate: Window 'JH_ICWhiteBox001_AP - Unreal Editor' being destroyed
[2019.01.19-06.51.12:673][882]LogWindowsTextInputMethodSystem: Display: IME system now deactivated.
[2019.01.19-06.51.13:351][883]Cmd: QUIT_EDITOR
[2019.01.19-06.51.13:515][883]LogExit: Preparing to exit.
[2019.01.19-06.51.14:291][883]LogExit: Editor shut down
[2019.01.19-06.51.14:292][883]LogExit: Transaction tracking system shut down
[2019.01.19-06.51.15:371][883]LogExit: Object subsystem successfully closed.
[2019.01.19-06.51.15:435][883]LogShaderCompilers: Display: Shaders left to compile 0
[2019.01.19-06.51.15:437][883]LogD3D11RHI: Shutdown
[2019.01.19-06.51.15:437][883]LogD3D11RHI: CleanupD3DDevice
[2019.01.19-06.51.15:442][883]LogD3D11RHI: ~FD3D11DynamicRHI
[2019.01.19-06.51.15:628][883]LogModuleManager: Shutting down and abandoning module HierarchicalLODOutliner (612)
[2019.01.19-06.51.15:628][883]LogModuleManager: Shutting down and abandoning module SceneOutliner (610)
[2019.01.19-06.51.15:628][883]LogModuleManager: Shutting down and abandoning module AddContentDialog (608)
[2019.01.19-06.51.15:629][883]LogModuleManager: Shutting down and abandoning module WidgetCarousel (607)
[2019.01.19-06.51.15:630][883]LogModuleManager: Shutting down and abandoning module EditorWidgets (604)
[2019.01.19-06.51.15:630][883]LogModuleManager: Shutting down and abandoning module CollectionManager (602)
[2019.01.19-06.51.15:630][883]LogModuleManager: Shutting down and abandoning module HierarchicalLODUtilities (600)
[2019.01.19-06.51.15:631][883]LogModuleManager: Shutting down and abandoning module StatsViewer (598)
[2019.01.19-06.51.15:631][883]LogModuleManager: Shutting down and abandoning module FoliageEdit (596)
[2019.01.19-06.51.15:631][883]LogModuleManager: Shutting down and abandoning module LandscapeEditor (594)
[2019.01.19-06.51.15:631][883]LogModuleManager: Shutting down and abandoning module MeshPaintMode (592)
[2019.01.19-06.51.15:631][883]LogModuleManager: Shutting down and abandoning module SceneDepthPickerMode (590)
[2019.01.19-06.51.15:631][883]LogModuleManager: Shutting down and abandoning module ActorPickerMode (588)
[2019.01.19-06.51.15:631][883]LogModuleManager: Shutting down and abandoning module GeometryMode (586)
[2019.01.19-06.51.15:631][883]LogModuleManager: Shutting down and abandoning module TextureAlignMode (584)
[2019.01.19-06.51.15:632][883]LogModuleManager: Shutting down and abandoning module BspMode (582)
[2019.01.19-06.51.15:632][883]LogModuleManager: Shutting down and abandoning module PIEPreviewDeviceProfileSelector (580)
[2019.01.19-06.51.15:632][883]LogModuleManager: Shutting down and abandoning module SequenceRecorderSections (578)
[2019.01.19-06.51.15:632][883]LogModuleManager: Shutting down and abandoning module AutomationWorker (576)
[2019.01.19-06.51.15:632][883]LogModuleManager: Shutting down and abandoning module AudioCaptureEditor (574)
[2019.01.19-06.51.15:632][883]LogModuleManager: Shutting down and abandoning module SequenceRecorder (573)
[2019.01.19-06.51.15:632][883]LogModuleManager: Shutting down and abandoning module MatineeToLevelSequence (570)
[2019.01.19-06.51.15:632][883]LogModuleManager: Shutting down and abandoning module LevelSequenceEditor (568)
[2019.01.19-06.51.15:632][883]LogModuleManager: Shutting down and abandoning module PlacementMode (567)
[2019.01.19-06.51.15:633][883]LogModuleManager: Shutting down and abandoning module MaterialEditor (566)
[2019.01.19-06.51.15:633][883]LogModuleManager: Shutting down and abandoning module WmfMediaFactory (562)
[2019.01.19-06.51.15:633][883]LogModuleManager: Shutting down and abandoning module WmfMediaEditor (560)
[2019.01.19-06.51.15:633][883]LogModuleManager: Shutting down and abandoning module MediaPlayerEditor (558)
[2019.01.19-06.51.15:633][883]LogModuleManager: Shutting down and abandoning module OpenExrWrapper (556)
[2019.01.19-06.51.15:633][883]LogModuleManager: Shutting down and abandoning module ImgMediaFactory (554)
[2019.01.19-06.51.15:633][883]LogModuleManager: Shutting down and abandoning module ImgMediaEditor (552)
[2019.01.19-06.51.15:633][883]LogModuleManager: Shutting down and abandoning module AvfMediaFactory (550)
[2019.01.19-06.51.15:633][883]LogModuleManager: Shutting down and abandoning module AvfMediaEditor (548)
[2019.01.19-06.51.15:633][883]LogModuleManager: Shutting down and abandoning module AndroidMediaFactory (546)
[2019.01.19-06.51.15:634][883]LogModuleManager: Shutting down and abandoning module AndroidMediaEditor (544)
[2019.01.19-06.51.15:634][883]LogModuleManager: Shutting down and abandoning module MagicLeapCameraPreviewFactory (542)
[2019.01.19-06.51.15:634][883]LogModuleManager: Shutting down and abandoning module MagicLeapMediaFactory (540)
[2019.01.19-06.51.15:634][883]LogModuleManager: Shutting down and abandoning module MagicLeapMediaEditor (538)
[2019.01.19-06.51.15:634][883]LogModuleManager: Shutting down and abandoning module CharacterAI (536)
[2019.01.19-06.51.15:634][883]LogModuleManager: Shutting down and abandoning module SmartSnapping (534)
[2019.01.19-06.51.15:634][883]LogModuleManager: Shutting down and abandoning module SessionServices (532)
[2019.01.19-06.51.15:634][883]LogModuleManager: Shutting down and abandoning module ViewportSnapping (530)
[2019.01.19-06.51.15:634][883]LogModuleManager: Shutting down and abandoning module ViewportInteraction (528)
[2019.01.19-06.51.15:634][883]LogModuleManager: Shutting down and abandoning module ClothPainter (526)
[2019.01.19-06.51.15:634][883]LogModuleManager: Shutting down and abandoning module SkeletalMeshEditor (525)
[2019.01.19-06.51.15:635][883]LogModuleManager: Shutting down and abandoning module LogVisualizer (522)
[2019.01.19-06.51.15:635][883]LogModuleManager: Shutting down and abandoning module IntroTutorials (520)
[2019.01.19-06.51.15:636][883]LogModuleManager: Shutting down and abandoning module GameProjectGeneration (519)
[2019.01.19-06.51.15:636][883]LogModuleManager: Shutting down and abandoning module LuminPlatformEditor (516)
[2019.01.19-06.51.15:636][883]LogModuleManager: Shutting down and abandoning module IOSPlatformEditor (514)
[2019.01.19-06.51.15:636][883]LogModuleManager: Shutting down and abandoning module HTML5PlatformEditor (512)
[2019.01.19-06.51.15:636][883]LogModuleManager: Shutting down and abandoning module AndroidPlatformEditor (510)
[2019.01.19-06.51.15:636][883]LogModuleManager: Shutting down and abandoning module AndroidDeviceDetection (509)
[2019.01.19-06.51.16:617][883]LogModuleManager: Shutting down and abandoning module WindowsPlatformEditor (506)
[2019.01.19-06.51.16:617][883]LogModuleManager: Shutting down and abandoning module LuminRuntimeSettings (504)
[2019.01.19-06.51.16:617][883]LogModuleManager: Shutting down and abandoning module IOSRuntimeSettings (502)
[2019.01.19-06.51.16:617][883]LogModuleManager: Shutting down and abandoning module AndroidRuntimeSettings (500)
[2019.01.19-06.51.16:617][883]LogModuleManager: Shutting down and abandoning module InputBindingEditor (498)
[2019.01.19-06.51.16:617][883]LogModuleManager: Shutting down and abandoning module MergeActors (496)
[2019.01.19-06.51.16:617][883]LogModuleManager: Shutting down and abandoning module LocalizationDashboard (494)
[2019.01.19-06.51.16:617][883]LogModuleManager: Shutting down and abandoning module LocalizationService (493)
[2019.01.19-06.51.16:617][883]LogModuleManager: Shutting down and abandoning module HardwareTargeting (490)
[2019.01.19-06.51.16:617][883]LogModuleManager: Shutting down and abandoning module DeviceProfileEditor (488)
[2019.01.19-06.51.16:617][883]LogModuleManager: Shutting down and abandoning module UndoHistory (486)
[2019.01.19-06.51.16:617][883]LogModuleManager: Shutting down and abandoning module XmlParser (484)
[2019.01.19-06.51.16:617][883]LogModuleManager: Shutting down and abandoning module Blutility (482)
[2019.01.19-06.51.16:617][883]LogModuleManager: Shutting down and abandoning module ProjectSettingsViewer (480)
[2019.01.19-06.51.16:617][883]LogModuleManager: Shutting down and abandoning module ProjectTargetPlatformEditor (479)
[2019.01.19-06.51.16:618][883]LogModuleManager: Shutting down and abandoning module EditorSettingsViewer (476)
[2019.01.19-06.51.16:618][883]LogModuleManager: Shutting down and abandoning module SettingsEditor (474)
[2019.01.19-06.51.16:618][883]LogModuleManager: Shutting down and abandoning module ProjectLauncher (472)
[2019.01.19-06.51.16:618][883]LogModuleManager: Shutting down and abandoning module SessionFrontend (470)
[2019.01.19-06.51.16:618][883]LogModuleManager: Shutting down and abandoning module ProfilerClient (468)
[2019.01.19-06.51.16:618][883]LogModuleManager: Shutting down and abandoning module DeviceManager (466)
[2019.01.19-06.51.16:618][883]LogModuleManager: Shutting down and abandoning module TargetDeviceServices (465)
[2019.01.19-06.51.16:681][883]LogModuleManager: Shutting down and abandoning module AutomationController (462)
[2019.01.19-06.51.16:682][883]LogModuleManager: Shutting down and abandoning module AutomationWindow (460)
[2019.01.19-06.51.16:682][883]LogModuleManager: Shutting down and abandoning module Layers (458)
[2019.01.19-06.51.16:683][883]LogModuleManager: Shutting down and abandoning module ComponentVisualizers (456)
[2019.01.19-06.51.16:683][883]LogModuleManager: Shutting down and abandoning module DetailCustomizations (454)
[2019.01.19-06.51.16:683][883]LogModuleManager: Shutting down and abandoning module PackagesDialog (452)
[2019.01.19-06.51.16:683][883]LogModuleManager: Shutting down and abandoning module Persona (450)
[2019.01.19-06.51.16:683][883]LogModuleManager: Shutting down and abandoning module AdvancedPreviewScene (449)
[2019.01.19-06.51.16:683][883]LogModuleManager: Shutting down and abandoning module AnimGraph (447)
[2019.01.19-06.51.16:683][883]LogModuleManager: Shutting down and abandoning module Kismet (444)
[2019.01.19-06.51.16:684][883]LogModuleManager: Shutting down and abandoning module GraphEditor (442)
[2019.01.19-06.51.16:684][883]LogModuleManager: Shutting down and abandoning module ClassViewer (440)
[2019.01.19-06.51.16:684][883]LogModuleManager: Shutting down and abandoning module Toolbox (438)
[2019.01.19-06.51.16:684][883]LogModuleManager: Shutting down and abandoning module ModuleUI (436)
[2019.01.19-06.51.16:684][883]LogModuleManager: Shutting down and abandoning module MovieSceneTools (434)
[2019.01.19-06.51.16:685][883]LogModuleManager: Shutting down and abandoning module OutputLog (432)
[2019.01.19-06.51.16:685][883]LogModuleManager: Shutting down and abandoning module GammaUI (430)
[2019.01.19-06.51.16:685][883]LogModuleManager: Shutting down and abandoning module Documentation (428)
[2019.01.19-06.51.16:685][883]LogModuleManager: Shutting down and abandoning module MovieSceneTracks (426)
[2019.01.19-06.51.16:685][883]LogModuleManager: Shutting down and abandoning module MovieScene (424)
[2019.01.19-06.51.16:685][883]LogModuleManager: Shutting down and abandoning module StreamingPauseRendering (422)
[2019.01.19-06.51.16:685][883]LogModuleManager: Shutting down and abandoning module LauncherPlatform (420)
[2019.01.19-06.51.16:685][883]LogModuleManager: Shutting down and abandoning module AnalyticsET (418)
[2019.01.19-06.51.16:685][883]LogModuleManager: Shutting down and abandoning module PortalServices (416)
[2019.01.19-06.51.16:685][883]LogModuleManager: Shutting down and abandoning module PortalRpc (414)
[2019.01.19-06.51.16:685][883]LogModuleManager: Shutting down and abandoning module MessagingRpc (412)
[2019.01.19-06.51.16:685][883]LogModuleManager: Shutting down and abandoning module AIModule (410)
[2019.01.19-06.51.16:685][883]LogModuleManager: Shutting down and abandoning module GameplayDebugger (409)
[2019.01.19-06.51.16:685][883]LogModuleManager: Shutting down and abandoning module AITestSuite (407)
[2019.01.19-06.51.16:685][883]LogModuleManager: Shutting down and abandoning module NavigationSystem (405)
[2019.01.19-06.51.16:685][883]LogModuleManager: Shutting down and abandoning module DesktopPlatform (402)
[2019.01.19-06.51.16:685][883]LogModuleManager: Shutting down and abandoning module ProfilerService (400)
[2019.01.19-06.51.16:818][883]LogModuleManager: Shutting down and abandoning module TaskGraph (398)
[2019.01.19-06.51.16:818][883]LogModuleManager: Shutting down and abandoning module SteamVRController (396)
[2019.01.19-06.51.16:818][883]LogModuleManager: Shutting down and abandoning module ProceduralMeshComponentEditor (394)
[2019.01.19-06.51.16:818][883]LogModuleManager: Shutting down and abandoning module ProceduralMeshComponent (392)
[2019.01.19-06.51.16:818][883]LogModuleManager: Shutting down and abandoning module OculusInput (390)
[2019.01.19-06.51.16:818][883]LogModuleManager: Shutting down and abandoning module MobilePatchingUtils (388)
[2019.01.19-06.51.16:818][883]LogModuleManager: Shutting down and abandoning module EditableMesh (386)
[2019.01.19-06.51.16:818][883]LogModuleManager: Shutting down and abandoning module CustomMeshComponent (384)
[2019.01.19-06.51.16:818][883]LogModuleManager: Shutting down and abandoning module CableComponent (382)
[2019.01.19-06.51.16:818][883]LogModuleManager: Shutting down and abandoning module AudioCapture (380)
[2019.01.19-06.51.16:818][883]LogModuleManager: Shutting down and abandoning module ArchVisCharacter (378)
[2019.01.19-06.51.16:818][883]LogModuleManager: Shutting down and abandoning module AndroidPermission (376)
[2019.01.19-06.51.16:818][883]LogModuleManager: Shutting down and abandoning module NUTUnrealEngine4 (374)
[2019.01.19-06.51.16:818][883]LogModuleManager: Shutting down and abandoning module NetcodeUnitTest (372)
[2019.01.19-06.51.16:818][883]LogModuleManager: Shutting down and abandoning module MediaCompositingEditor (370)
[2019.01.19-06.51.16:819][883]LogModuleManager: Shutting down and abandoning module MediaCompositing (368)
[2019.01.19-06.51.16:819][883]LogModuleManager: Shutting down and abandoning module LinearTimecode (366)
[2019.01.19-06.51.16:819][883]LogModuleManager: Shutting down and abandoning module ImgMedia (364)
[2019.01.19-06.51.16:850][883]LogModuleManager: Shutting down and abandoning module HTML5Networking (362)
[2019.01.19-06.51.16:850][883]LogModuleManager: Shutting down and abandoning module GeometryCacheTracks (360)
[2019.01.19-06.51.16:850][883]LogModuleManager: Shutting down and abandoning module GeometryCacheSequencer (358)
[2019.01.19-06.51.16:850][883]LogModuleManager: Shutting down and abandoning module BackChannel (356)
[2019.01.19-06.51.16:850][883]LogModuleManager: Shutting down and abandoning module AppleVision (354)
[2019.01.19-06.51.16:850][883]LogModuleManager: Shutting down and abandoning module AppleImageUtils (352)
[2019.01.19-06.51.16:850][883]LogModuleManager: Shutting down and abandoning module AlembicImporter (350)
[2019.01.19-06.51.16:850][883]LogModuleManager: Shutting down and abandoning module AlembicLibrary (349)
[2019.01.19-06.51.16:850][883]LogModuleManager: Shutting down and abandoning module GeometryCache (348)
[2019.01.19-06.51.16:850][883]LogModuleManager: Shutting down and abandoning module GeometryCacheEd (347)
[2019.01.19-06.51.16:850][883]LogModuleManager: Shutting down and abandoning module DatasmithContentEditor (342)
[2019.01.19-06.51.16:850][883]LogModuleManager: Shutting down and abandoning module DatasmithContent (340)
[2019.01.19-06.51.16:851][883]LogModuleManager: Shutting down and abandoning module SpeedTreeImporter (338)
[2019.01.19-06.51.16:851][883]LogModuleManager: Shutting down and abandoning module PluginBrowser (336)
[2019.01.19-06.51.16:851][883]LogModuleManager: Shutting down and abandoning module MobileLauncherProfileWizard (334)
[2019.01.19-06.51.16:851][883]LogModuleManager: Shutting down and abandoning module PolygonModeling (332)
[2019.01.19-06.51.16:851][883]LogModuleManager: Shutting down and abandoning module MeshEditor (330)
[2019.01.19-06.51.16:851][883]LogModuleManager: Shutting down and abandoning module CryptoKeysOpenSSL (328)
[2019.01.19-06.51.16:851][883]LogModuleManager: Shutting down and abandoning module CryptoKeys (326)
[2019.01.19-06.51.16:852][883]LogModuleManager: Shutting down and abandoning module VisualStudioSourceCodeAccess (324)
[2019.01.19-06.51.16:852][883]LogModuleManager: Shutting down and abandoning module VisualStudioCodeSourceCodeAccess (322)
[2019.01.19-06.51.16:852][883]LogModuleManager: Shutting down and abandoning module UObjectPlugin (320)
[2019.01.19-06.51.16:852][883]LogModuleManager: Shutting down and abandoning module SubversionSourceControl (318)
[2019.01.19-06.51.16:852][883]LogModuleManager: Shutting down and abandoning module PerforceSourceControl (316)
[2019.01.19-06.51.16:852][883]LogModuleManager: Shutting down and abandoning module GitSourceControl (314)
[2019.01.19-06.51.16:852][883]LogModuleManager: Shutting down and abandoning module SourceControl (313)
[2019.01.19-06.51.16:852][883]LogModuleManager: Shutting down and abandoning module CLionSourceCodeAccess (310)
[2019.01.19-06.51.16:852][883]LogModuleManager: Shutting down and abandoning module LightPropagationVolumeEditor (308)
[2019.01.19-06.51.16:852][883]LogModuleManager: Shutting down and abandoning module PaperTiledImporter (306)
[2019.01.19-06.51.16:852][883]LogModuleManager: Shutting down and abandoning module PaperSpriteSheetImporter (304)
[2019.01.19-06.51.16:852][883]LogModuleManager: Shutting down and abandoning module Paper2DEditor (302)
[2019.01.19-06.51.16:852][883]LogModuleManager: Shutting down and abandoning module MeshPaint (301)
[2019.01.19-06.51.16:852][883]LogModuleManager: Shutting down and abandoning module RuntimePhysXCooking (298)
[2019.01.19-06.51.16:852][883]LogModuleManager: Shutting down and abandoning module PhysXVehiclesEditor (296)
[2019.01.19-06.51.16:852][883]LogModuleManager: Shutting down and abandoning module PhysXVehicles (294)
[2019.01.19-06.51.16:852][883]LogModuleManager: Shutting down and abandoning module OculusEditor (292)
[2019.01.19-06.51.16:852][883]LogModuleManager: Shutting down and abandoning module LocationServicesBPLibrary (290)
[2019.01.19-06.51.16:853][883]LogModuleManager: Shutting down and abandoning module ImmediatePhysicsEditor (288)
[2019.01.19-06.51.16:853][883]LogModuleManager: Shutting down and abandoning module ImmediatePhysics (286)
[2019.01.19-06.51.16:853][883]LogModuleManager: Shutting down and abandoning module ActorSequence (284)
[2019.01.19-06.51.16:853][883]LogModuleManager: Shutting down and abandoning module UdpMessaging (282)
[2019.01.19-06.51.16:953][883]LogModuleManager: Shutting down and abandoning module TcpMessaging (280)
[2019.01.19-06.51.17:053][883]LogModuleManager: Shutting down and abandoning module MagicLeapAudio (278)
[2019.01.19-06.51.17:053][883]LogModuleManager: Shutting down and abandoning module GameplayTagsEditor (276)
[2019.01.19-06.51.17:054][883]LogModuleManager: Shutting down and abandoning module FacialAnimationEditor (274)
[2019.01.19-06.51.17:055][883]LogModuleManager: Shutting down and abandoning module FacialAnimation (272)
[2019.01.19-06.51.17:055][883]LogModuleManager: Shutting down and abandoning module DataValidation (270)
[2019.01.19-06.51.17:055][883]LogModuleManager: Shutting down and abandoning module AssetManagerEditor (268)
[2019.01.19-06.51.17:055][883]LogModuleManager: Shutting down and abandoning module LevelEditor (267)
[2019.01.19-06.51.17:056][883]LogModuleManager: Shutting down and abandoning module PixelInspectorModule (266)
[2019.01.19-06.51.17:056][883]LogModuleManager: Shutting down and abandoning module CommonMenuExtensions (264)
[2019.01.19-06.51.17:056][883]LogModuleManager: Shutting down and abandoning module MainFrame (262)
[2019.01.19-06.51.17:056][883]LogModuleManager: Shutting down and abandoning module HotReload (261)
[2019.01.19-06.51.17:057][883]LogModuleManager: Shutting down and abandoning module ContentBrowser (257)
[2019.01.19-06.51.17:058][883]LogModuleManager: Shutting down and abandoning module TreeMap (255)
[2019.01.19-06.51.17:058][883]LogModuleManager: Shutting down and abandoning module LightPropagationVolumeRuntime (252)
[2019.01.19-06.51.17:058][883]LogModuleManager: Shutting down and abandoning module AISupportModule (250)
[2019.01.19-06.51.17:058][883]LogModuleManager: Shutting down and abandoning module Paper2D (248)
[2019.01.19-06.51.17:058][883]LogModuleManager: Shutting down and abandoning module WindowsMoviePlayer (246)
[2019.01.19-06.51.17:058][883]LogModuleManager: Shutting down and abandoning module WmfMedia (244)
[2019.01.19-06.51.17:059][883]LogModuleManager: Shutting down and abandoning module Media (243)
[2019.01.19-06.51.17:066][883]LogModuleManager: Shutting down and abandoning module PacketHandler (240)
[2019.01.19-06.51.17:066][883]LogModuleManager: Shutting down and abandoning module ClothingSystemEditor (238)
[2019.01.19-06.51.17:066][883]LogModuleManager: Shutting down and abandoning module ClothingSystemRuntime (236)
[2019.01.19-06.51.17:066][883]LogModuleManager: Shutting down and abandoning module MediaAssets (234)
[2019.01.19-06.51.17:066][883]LogModuleManager: Shutting down and abandoning module Overlay (232)
[2019.01.19-06.51.17:066][883]LogModuleManager: Shutting down and abandoning module OverlayEditor (231)
[2019.01.19-06.51.17:066][883]LogModuleManager: Shutting down and abandoning module VREditor (228)
[2019.01.19-06.51.17:066][883]LogModuleManager: Shutting down and abandoning module StringTableEditor (226)
[2019.01.19-06.51.17:066][883]LogModuleManager: Shutting down and abandoning module GameplayTasksEditor (224)
[2019.01.19-06.51.17:066][883]LogModuleManager: Shutting down and abandoning module BehaviorTreeEditor (222)
[2019.01.19-06.51.17:066][883]LogModuleManager: Shutting down and abandoning module FunctionalTesting (220)
[2019.01.19-06.51.17:066][883]LogModuleManager: Shutting down and abandoning module CollisionAnalyzer (218)
[2019.01.19-06.51.17:066][883]LogModuleManager: Shutting down and abandoning module WorkspaceMenuStructure (217)
[2019.01.19-06.51.17:066][883]LogModuleManager: Shutting down and abandoning module UMG (214)
[2019.01.19-06.51.17:066][883]LogModuleManager: Shutting down and abandoning module UMGEditor (213)
[2019.01.19-06.51.17:066][883]LogModuleManager: Shutting down and abandoning module Sequencer (212)
[2019.01.19-06.51.17:067][883]LogModuleManager: Shutting down and abandoning module MessageLog (209)
[2019.01.19-06.51.17:067][883]LogModuleManager: Shutting down and abandoning module SlateReflector (204)
[2019.01.19-06.51.17:067][883]LogModuleManager: Shutting down and abandoning module Slate (202)
[2019.01.19-06.51.17:067][883]LogModuleManager: Shutting down and abandoning module EditorStyle (200)
[2019.01.19-06.51.17:068][883]LogModuleManager: Shutting down and abandoning module MRMesh (198)
[2019.01.19-06.51.17:068][883]LogModuleManager: Shutting down and abandoning module SourceCodeAccess (196)
[2019.01.19-06.51.17:068][883]LogModuleManager: Shutting down and abandoning module HeadMountedDisplay (194)
[2019.01.19-06.51.17:068][883]LogModuleManager: Shutting down and abandoning module XAudio2 (192)
[2019.01.19-06.51.17:068][883]LogModuleManager: Shutting down and abandoning module Networking (190)
[2019.01.19-06.51.17:068][883]LogModuleManager: Shutting down and abandoning module Core (188)
[2019.01.19-06.51.17:068][883]LogModuleManager: Shutting down and abandoning module LevelSequence (186)
[2019.01.19-06.51.17:068][883]LogModuleManager: Shutting down and abandoning module KismetCompiler (184)
[2019.01.19-06.51.17:069][883]LogModuleManager: Shutting down and abandoning module MeshUtilities (182)
[2019.01.19-06.51.17:069][883]LogModuleManager: Shutting down and abandoning module MeshMergeUtilities (181)
[2019.01.19-06.51.17:069][883]LogModuleManager: Shutting down and abandoning module MeshReductionInterface (180)
[2019.01.19-06.51.17:069][883]LogModuleManager: Shutting down and abandoning module SimplygonSwarm (179)
[2019.01.19-06.51.17:069][883]LogModuleManager: Shutting down and abandoning module ProxyLODMeshReduction (177)
[2019.01.19-06.51.17:069][883]LogModuleManager: Shutting down and abandoning module SimplygonMeshReduction (175)
[2019.01.19-06.51.17:069][883]LogModuleManager: Shutting down and abandoning module QuadricMeshReduction (173)
[2019.01.19-06.51.17:069][883]LogModuleManager: Shutting down and abandoning module MaterialBaking (169)
[2019.01.19-06.51.17:069][883]LogModuleManager: Shutting down and abandoning module DirectoryWatcher (165)
[2019.01.19-06.51.17:069][883]LogModuleManager: Shutting down and abandoning module DerivedDataCache (162)
[2019.01.19-06.51.17:371][883]LogDerivedDataCache: Shutdown
[2019.01.19-06.51.17:371][883]LogModuleManager: Shutting down and abandoning module XGEController (160)
[2019.01.19-06.51.17:371][883]LogModuleManager: Shutting down and abandoning module TargetPlatform (158)
[2019.01.19-06.51.17:371][883]LogModuleManager: Shutting down and abandoning module VulkanShaderFormat (157)
[2019.01.19-06.51.17:371][883]LogModuleManager: Shutting down and abandoning module ShaderFormatVectorVM (155)
[2019.01.19-06.51.17:371][883]LogModuleManager: Shutting down and abandoning module ShaderFormatOpenGL (153)
[2019.01.19-06.51.17:371][883]LogModuleManager: Shutting down and abandoning module ShaderFormatD3D (151)
[2019.01.19-06.51.17:371][883]LogModuleManager: Shutting down and abandoning module MetalShaderFormat (149)
[2019.01.19-06.51.17:371][883]LogModuleManager: Shutting down and abandoning module TextureFormatUncompressed (147)
[2019.01.19-06.51.17:372][883]LogModuleManager: Shutting down and abandoning module TextureFormatPVR (145)
[2019.01.19-06.51.17:372][883]LogModuleManager: Shutting down and abandoning module TextureFormatDXT (143)
[2019.01.19-06.51.17:372][883]LogModuleManager: Shutting down and abandoning module TextureFormatIntelISPCTexComp (141)
[2019.01.19-06.51.17:372][883]LogModuleManager: Shutting down and abandoning module TextureFormatASTC (139)
[2019.01.19-06.51.17:372][883]LogModuleManager: Shutting down and abandoning module ImageWrapper (138)
[2019.01.19-06.51.17:372][883]LogModuleManager: Shutting down and abandoning module TextureFormatAndroid (135)
[2019.01.19-06.51.17:372][883]LogModuleManager: Shutting down and abandoning module AudioFormatOpus (133)
[2019.01.19-06.51.17:372][883]LogModuleManager: Shutting down and abandoning module AudioFormatOgg (131)
[2019.01.19-06.51.17:372][883]LogModuleManager: Shutting down and abandoning module AudioFormatADPCM (129)
[2019.01.19-06.51.17:372][883]LogModuleManager: Shutting down and abandoning module LuminTargetPlatform (127)
[2019.01.19-06.51.17:372][883]LogModuleManager: Shutting down and abandoning module LinuxTargetPlatform (125)
[2019.01.19-06.51.17:372][883]LogModuleManager: Shutting down and abandoning module LinuxServerTargetPlatform (123)
[2019.01.19-06.51.17:372][883]LogModuleManager: Shutting down and abandoning module LinuxNoEditorTargetPlatform (121)
[2019.01.19-06.51.17:372][883]LogModuleManager: Shutting down and abandoning module LinuxClientTargetPlatform (119)
[2019.01.19-06.51.17:372][883]LogModuleManager: Shutting down and abandoning module TVOSTargetPlatform (117)
[2019.01.19-06.51.17:373][883]LogModuleManager: Shutting down and abandoning module Messaging (115)
[2019.01.19-06.51.17:373][883]LogModuleManager: Shutting down and abandoning module IOSTargetPlatform (113)
[2019.01.19-06.51.17:374][883]LogModuleManager: Shutting down and abandoning module HTML5TargetPlatform (111)
[2019.01.19-06.51.17:374][883]LogModuleManager: Shutting down and abandoning module AndroidTargetPlatform (109)
[2019.01.19-06.51.17:379][883]LogModuleManager: Shutting down and abandoning module WindowsTargetPlatform (107)
[2019.01.19-06.51.17:379][883]LogModuleManager: Shutting down and abandoning module WindowsServerTargetPlatform (105)
[2019.01.19-06.51.17:379][883]LogModuleManager: Shutting down and abandoning module WindowsNoEditorTargetPlatform (103)
[2019.01.19-06.51.17:379][883]LogModuleManager: Shutting down and abandoning module WindowsClientTargetPlatform (101)
[2019.01.19-06.51.17:379][883]LogModuleManager: Shutting down and abandoning module MacTargetPlatform (99)
[2019.01.19-06.51.17:379][883]LogModuleManager: Shutting down and abandoning module MacServerTargetPlatform (97)
[2019.01.19-06.51.17:379][883]LogModuleManager: Shutting down and abandoning module MacNoEditorTargetPlatform (95)
[2019.01.19-06.51.17:379][883]LogModuleManager: Shutting down and abandoning module MacClientTargetPlatform (93)
[2019.01.19-06.51.17:379][883]LogModuleManager: Shutting down and abandoning module AllDesktopTargetPlatform (91)
[2019.01.19-06.51.17:379][883]LogModuleManager: Shutting down and abandoning module InputCore (88)
[2019.01.19-06.51.17:379][883]LogModuleManager: Shutting down and abandoning module Settings (86)
[2019.01.19-06.51.17:379][883]LogModuleManager: Shutting down and abandoning module PhysXCooking (84)
[2019.01.19-06.51.17:379][883]LogModuleManager: Shutting down and abandoning module SteamVR (82)
[2019.01.19-06.51.17:379][883]LogModuleManager: Shutting down and abandoning module OculusHMD (80)
[2019.01.19-06.51.17:379][883]LogModuleManager: Shutting down and abandoning module ExampleDeviceProfileSelector (78)
[2019.01.19-06.51.17:380][883]LogModuleManager: Shutting down and abandoning module LauncherChunkInstaller (76)
[2019.01.19-06.51.17:380][883]LogModuleManager: Shutting down and abandoning module OnlineBlueprintSupport (74)
[2019.01.19-06.51.17:380][883]LogModuleManager: Shutting down and abandoning module OnlineSubsystem (70)
[2019.01.19-06.51.17:381][883]LogModuleManager: Shutting down and abandoning module XMPP (65)
[2019.01.19-06.51.17:381][883]LogModuleManager: Shutting down and abandoning module WebSockets (64)
[2019.01.19-06.51.17:383][883]LogModuleManager: Shutting down and abandoning module HTTP (61)
[2019.01.19-06.51.17:383][883]LogHttp: Display: Http module shutting down, but needs to wait on 1 outstanding Http requests:
[2019.01.19-06.51.17:383][883]LogHttp: Display: 	verb=[POST] url=[https://datarouter.ol.epicgames.com/datarouter/api/v1/public/data?SessionID=%7B31738C6B-4CA8-1890-F807-FFBA1D8F2638%7D&AppID=UEEditor.Rocket.Release&AppVersion=4.20.3-4369336%2B%2B%2BUE4%2BRelease-4.20&UserID=7529f7da42100e58a01f7c8a0c6bad1d%7C58d432461bd94c7f9b201bd11ae14798%7C6b89664d-351a-47ab-8aef-d6c9c9550539&AppEnvironment=datacollector-binary&UploadType=eteventstream] status=Processing
[2019.01.19-06.51.17:415][883]LogModuleManager: Shutting down and abandoning module SSL (60)
[2019.01.19-06.51.17:417][883]LogModuleManager: Shutting down and abandoning module MagicLeapEmulator (56)
[2019.01.19-06.51.17:417][883]LogModuleManager: Shutting down and abandoning module MagicLeapPrivileges (54)
[2019.01.19-06.51.17:417][883]LogModuleManager: Shutting down and abandoning module MagicLeapIdentity (52)
[2019.01.19-06.51.17:417][883]LogModuleManager: Shutting down and abandoning module MagicLeapHelperVulkan (50)
[2019.01.19-06.51.17:417][883]LogModuleManager: Shutting down and abandoning module MagicLeapHelperOpenGL (48)
[2019.01.19-06.51.17:417][883]LogModuleManager: Shutting down and abandoning module MagicLeapSecureStorage (46)
[2019.01.19-06.51.17:417][883]LogModuleManager: Shutting down and abandoning module MagicLeapGestures (44)
[2019.01.19-06.51.17:417][883]LogModuleManager: Shutting down and abandoning module MagicLeapEyeTracker (42)
[2019.01.19-06.51.17:417][883]LogModuleManager: Shutting down and abandoning module MagicLeapController (40)
[2019.01.19-06.51.17:417][883]LogSlate: Slate User Destroyed.  User Index 0, Is Virtual User: 0
[2019.01.19-06.51.17:417][883]LogModuleManager: Shutting down and abandoning module MagicLeap (38)
[2019.01.19-06.51.17:417][883]LogModuleManager: Shutting down and abandoning module AnimationModifiers (36)
[2019.01.19-06.51.17:417][883]LogModuleManager: Shutting down and abandoning module PropertyEditor (35)
[2019.01.19-06.51.17:417][883]LogModuleManager: Shutting down and abandoning module AudioEditor (32)
[2019.01.19-06.51.17:417][883]LogModuleManager: Shutting down and abandoning module TextureCompressor (30)
[2019.01.19-06.51.17:418][883]LogModuleManager: Shutting down and abandoning module ShaderCore (28)
[2019.01.19-06.51.17:418][883]LogModuleManager: Shutting down and abandoning module Landscape (26)
[2019.01.19-06.51.17:418][883]LogModuleManager: Shutting down and abandoning module SlateRHIRenderer (24)
[2019.01.19-06.51.17:418][883]LogModuleManager: Shutting down and abandoning module OpenGLDrv (22)
[2019.01.19-06.51.17:418][883]LogModuleManager: Shutting down and abandoning module D3D11RHI (20)
[2019.01.19-06.51.17:418][883]LogModuleManager: Shutting down and abandoning module AnimGraphRuntime (18)
[2019.01.19-06.51.17:418][883]LogModuleManager: Shutting down and abandoning module Renderer (16)
[2019.01.19-06.51.17:418][883]LogModuleManager: Shutting down and abandoning module Engine (14)
[2019.01.19-06.51.17:418][883]LogModuleManager: Shutting down and abandoning module CoreUObject (12)
[2019.01.19-06.51.17:418][883]LogModuleManager: Shutting down and abandoning module NetworkFile (10)
[2019.01.19-06.51.17:418][883]LogModuleManager: Shutting down and abandoning module CookedIterativeFile (8)
[2019.01.19-06.51.17:418][883]LogModuleManager: Shutting down and abandoning module StreamingFile (6)
[2019.01.19-06.51.17:418][883]LogModuleManager: Shutting down and abandoning module SandboxFile (4)
[2019.01.19-06.51.17:418][883]LogModuleManager: Shutting down and abandoning module PakFile (2)
[2019.01.19-06.51.17:426][883]LogExit: Exiting.
[2019.01.19-06.51.17:428][883]Log file closed, 01/18/19 23:51:17
