Log file open, 01/16/19 08:04:21
LogWindows: Failed to load 'aqProf.dll' (GetLastError=126)
LogWindows: File 'aqProf.dll' does not exist
LogWindows: Failed to load 'VtuneApi.dll' (GetLastError=126)
LogWindows: File 'VtuneApi.dll' does not exist
LogWindows: Failed to load 'VtuneApi32e.dll' (GetLastError=126)
LogWindows: File 'VtuneApi32e.dll' does not exist
LogInit: Display: Running engine for game: JH_ICWhiteBox001_AP
LogPlatformFile: Not using cached read wrapper
LogTaskGraph: Started task graph with 5 named threads and 23 total threads with 3 sets of task threads.
LogStats: Stats thread started at 0.275329
LogD3D11RHI: Loaded GFSDK_Aftermath_Lib.x64.dll
LogICUInternationalization: Display: ICU TimeZone Detection - Raw Offset: -7:00, Platform Override: ''
LogPluginManager: Mounting plugin Paper2D
LogPluginManager: Mounting plugin AISupport
LogPluginManager: Mounting plugin LightPropagationVolume
LogPluginManager: Mounting plugin CLionSourceCodeAccess
LogPluginManager: Mounting plugin CodeLiteSourceCodeAccess
LogPluginManager: Mounting plugin GitSourceControl
LogPluginManager: Mounting plugin KDevelopSourceCodeAccess
LogPluginManager: Mounting plugin NullSourceCodeAccess
LogPluginManager: Mounting plugin PerforceSourceControl
LogPluginManager: Mounting plugin SubversionSourceControl
LogPluginManager: Mounting plugin UObjectPlugin
LogPluginManager: Mounting plugin VisualStudioCodeSourceCodeAccess
LogPluginManager: Mounting plugin VisualStudioSourceCodeAccess
LogPluginManager: Mounting plugin XCodeSourceCodeAccess
LogPluginManager: Mounting plugin AssetManagerEditor
LogPluginManager: Mounting plugin CryptoKeys
LogPluginManager: Mounting plugin DataValidation
LogPluginManager: Mounting plugin FacialAnimation
LogPluginManager: Mounting plugin GameplayTagsEditor
LogPluginManager: Mounting plugin MacGraphicsSwitching
LogPluginManager: Mounting plugin MeshEditor
LogPluginManager: Mounting plugin MobileLauncherProfileWizard
LogPluginManager: Mounting plugin PluginBrowser
LogPluginManager: Mounting plugin SpeedTreeImporter
LogPluginManager: Mounting plugin DatasmithContent
LogPluginManager: Mounting plugin AlembicImporter
LogPluginManager: Mounting plugin AppleImageUtils
LogPluginManager: Mounting plugin AppleVision
LogPluginManager: Mounting plugin BackChannel
LogPluginManager: Mounting plugin CharacterAI
LogPluginManager: Mounting plugin GeometryCache
LogPluginManager: Mounting plugin HTML5Networking
LogPluginManager: Mounting plugin ProxyLODPlugin
LogPluginManager: Mounting plugin MagicLeap
LogPluginManager: Mounting plugin MagicLeapEmulator
LogPluginManager: Mounting plugin MagicLeapMedia
LogPluginManager: Mounting plugin AndroidMedia
LogPluginManager: Mounting plugin AvfMedia
LogPluginManager: Mounting plugin ImgMedia
LogPluginManager: Mounting plugin LinearTimecode
LogPluginManager: Mounting plugin MediaCompositing
LogPluginManager: Mounting plugin MediaPlayerEditor
LogPluginManager: Mounting plugin WmfMedia
LogPluginManager: Mounting plugin TcpMessaging
LogPluginManager: Mounting plugin UdpMessaging
LogPluginManager: Mounting plugin ActorSequence
LogPluginManager: Mounting plugin LevelSequenceEditor
LogPluginManager: Mounting plugin MatineeToLevelSequence
LogPluginManager: Mounting plugin NetcodeUnitTest
LogPluginManager: Mounting plugin NUTUnrealEngine4
LogPluginManager: Mounting plugin OnlineSubsystemGooglePlay
LogPluginManager: Mounting plugin OnlineSubsystemIOS
LogPluginManager: Mounting plugin OnlineSubsystem
LogPluginManager: Mounting plugin OnlineSubsystemNull
LogPluginManager: Mounting plugin OnlineSubsystemUtils
LogPluginManager: Mounting plugin LauncherChunkInstaller
LogPluginManager: Mounting plugin AndroidDeviceProfileSelector
LogPluginManager: Mounting plugin AndroidMoviePlayer
LogPluginManager: Mounting plugin AndroidPermission
LogPluginManager: Mounting plugin AppleMoviePlayer
LogPluginManager: Mounting plugin ArchVisCharacter
LogPluginManager: Mounting plugin AudioCapture
LogPluginManager: Mounting plugin CableComponent
LogPluginManager: Mounting plugin CustomMeshComponent
LogPluginManager: Mounting plugin EditableMesh
LogPluginManager: Mounting plugin ExampleDeviceProfileSelector
LogPluginManager: Mounting plugin GoogleCloudMessaging
LogPluginManager: Mounting plugin ImmediatePhysics
LogPluginManager: Mounting plugin IOSDeviceProfileSelector
LogPluginManager: Mounting plugin LinuxDeviceProfileSelector
LogPluginManager: Mounting plugin LocationServicesBPLibrary
LogPluginManager: Mounting plugin MobilePatchingUtils
LogPluginManager: Mounting plugin OculusVR
LogPluginManager: Plugin shader directory ../../../Engine/Plugins/Runtime/Oculus/OculusVR/Shaders found
LogPluginManager: Mapping shader source directory ../../../Engine/Plugins/Runtime/Oculus/OculusVR/Shaders to virtual directory /Plugin/OculusVR
LogPluginManager: Mounting plugin PhysXVehicles
LogPluginManager: Mounting plugin ProceduralMeshComponent
LogPluginManager: Mounting plugin RuntimePhysXCooking
LogPluginManager: Mounting plugin SteamVR
LogPluginManager: Mounting plugin WindowsMoviePlayer
LogStreaming: Display: Took  0.103s to configure plugins.
LogInit: Using libcurl 7.55.1-DEV
LogInit:  - built for x86_64-pc-win32
LogInit:  - supports SSL with OpenSSL/1.0.2h
LogInit:  - supports HTTP deflate (compression) using libz 1.2.8
LogInit:  - other features:
LogInit:      CURL_VERSION_SSL
LogInit:      CURL_VERSION_LIBZ
LogInit:      CURL_VERSION_IPV6
LogInit:      CURL_VERSION_ASYNCHDNS
LogInit:      CURL_VERSION_LARGEFILE
LogInit:      CURL_VERSION_IDN
LogInit:  CurlRequestOptions (configurable via config and command line):
LogInit:  - bVerifyPeer = false  - Libcurl will NOT verify peer certificate
LogInit:  - bUseHttpProxy = false  - Libcurl will NOT use HTTP proxy
LogInit:  - bDontReuseConnections = false  - Libcurl will reuse connections
LogInit:  - CertBundlePath = nullptr  - Libcurl will use whatever was configured at build time.
LogInit:  - MaxHostConnections = 16  - Libcurl will limit the number of connections to a host
LogInit:  - LocalHostAddr = Default
LogInit:  - BufferSize = 65536
LogInit: WinSock: version 1.1 (2.2), MaxSocks=32767, MaxUdp=65467
LogInit: Build: ++UE4+Release-4.20-CL-4369336
LogInit: Engine Version: 4.20.3-4369336+++UE4+Release-4.20
LogInit: Compatible Engine Version: 4.20.0-4212847+++UE4+Release-4.20
LogInit: Net CL: 4212847
LogInit: OS: Windows 10 (), CPU: Intel(R) Core(TM) i7-8809G CPU @ 3.10GHz, GPU: Radeon RX Vega M GH Graphics
LogInit: Compiled (64-bit): Sep 17 2018 12:26:19
LogInit: Compiled with Visual C++: 19.13.26129.00
LogInit: Build Configuration: Development
LogInit: Branch Name: ++UE4+Release-4.20
LogInit: Command Line: 
LogInit: Base Directory: C:/Program Files/Epic Games/UE_4.20/Engine/Binaries/Win64/
LogInit: Installed Engine Build: 1
LogDevObjectVersion: Number of dev versions registered: 20
LogDevObjectVersion:   Dev-Blueprints (B0D832E4-1F89-4F0D-ACCF-7EB736FD4AA2): 10
LogDevObjectVersion:   Dev-Build (E1C64328-A22C-4D53-A36C-8E866417BD8C): 0
LogDevObjectVersion:   Dev-Core (375EC13C-06E4-48FB-B500-84F0262A717E): 2
LogDevObjectVersion:   Dev-Editor (E4B068ED-F494-42E9-A231-DA0B2E46BB41): 24
LogDevObjectVersion:   Dev-Framework (CFFC743F-43B0-4480-9391-14DF171D2073): 34
LogDevObjectVersion:   Dev-Mobile (B02B49B5-BB20-44E9-A304-32B752E40360): 2
LogDevObjectVersion:   Dev-Networking (A4E4105C-59A1-49B5-A7C5-40C4547EDFEE): 0
LogDevObjectVersion:   Dev-Online (39C831C9-5AE6-47DC-9A44-9C173E1C8E7C): 0
LogDevObjectVersion:   Dev-Physics (78F01B33-EBEA-4F98-B9B4-84EACCB95AA2): 0
LogDevObjectVersion:   Dev-Platform (6631380F-2D4D-43E0-8009-CF276956A95A): 0
LogDevObjectVersion:   Dev-Rendering (12F88B9F-8875-4AFC-A67C-D90C383ABD29): 26
LogDevObjectVersion:   Dev-Sequencer (7B5AE74C-D270-4C10-A958-57980B212A5A): 9
LogDevObjectVersion:   Dev-VR (D7296918-1DD6-4BDD-9DE2-64A83CC13884): 2
LogDevObjectVersion:   Dev-LoadTimes (C2A15278-BFE7-4AFE-6C17-90FF531DF755): 1
LogDevObjectVersion:   Private-Geometry (6EACA3D4-40EC-4CC1-B786-8BED09428FC5): 3
LogDevObjectVersion:   Dev-AnimPhys (29E575DD-E0A3-4627-9D10-D276232CDCEA): 17
LogDevObjectVersion:   Dev-ReflectionCapture (6B266CEC-1EC7-4B8F-A30B-E4D90942FC07): 1
LogDevObjectVersion:   Dev-Automation (0DF73D61-A23F-47EA-B727-89E90C41499A): 1
LogDevObjectVersion:   FortniteMain (601D1886-AC64-4F84-AA16-D3DE0DEAC7D6): 12
LogDevObjectVersion:   Dev-Enterprise (9DFFBCD6-494F-0158-E221-12823C92A888): 1
LogStreaming: Display: Took  0.000s to delete old logs.
LogInit: Presizing for max 8388607 objects, including 0 objects not considered by GC, pre-allocating 0 bytes for permanent pool.
LogInit: Object subsystem initialized
[2019.01.16-15.04.21:649][  0]LogInit: Selected Device Profile: [Windows]
[2019.01.16-15.04.21:649][  0]LogInit: Applying CVar settings loaded from the selected device profile: [Windows]
[2019.01.16-15.04.21:665][  0]LogHAL: Display: Platform has ~ 16 GB [17094914048 / 17179869184 / 16], which maps to Larger [LargestMinGB=32, LargerMinGB=12, DefaultMinGB=8, SmallerMinGB=6, SmallestMinGB=0)
[2019.01.16-15.04.21:665][  0]LogInit: Setting Device Profile CVar: [[r.Vulkan.UseRealUBs:1]]
[2019.01.16-15.04.21:665][  0]LogInit: Going up to parent DeviceProfile []
[2019.01.16-15.04.21:665][  0]LogInit: Computer: eae-n-034
[2019.01.16-15.04.21:665][  0]LogInit: User: u1108468
[2019.01.16-15.04.21:665][  0]LogInit: CPU Page size=4096, Cores=4
[2019.01.16-15.04.21:665][  0]LogInit: High frequency timer resolution =3.023436 MHz
[2019.01.16-15.04.21:665][  0]LogMemory: Memory total: Physical=15.9GB (16GB approx)
[2019.01.16-15.04.21:665][  0]LogMemory: Platform Memory Stats for Windows
[2019.01.16-15.04.21:665][  0]LogMemory: Process Physical Memory: 99.60 MB used, 99.60 MB peak
[2019.01.16-15.04.21:665][  0]LogMemory: Process Virtual Memory: 90.82 MB used, 90.82 MB peak
[2019.01.16-15.04.21:665][  0]LogMemory: Physical Memory: 4191.50 MB used,  12111.48 MB free, 16302.98 MB total
[2019.01.16-15.04.21:665][  0]LogMemory: Virtual Memory: 4640.71 MB used,  12111.48 MB free, 134217728.00 MB total
[2019.01.16-15.04.21:679][  0]LogInit: Using OS detected language (en-US).
[2019.01.16-15.04.21:679][  0]LogInit: Using OS detected locale (en-US).
[2019.01.16-15.04.21:679][  0]LogTextLocalizationManager: No specific localization for 'en-US' exists, so the 'en' localization will be used.
[2019.01.16-15.04.21:987][  0]LogStreaming: Display: Took  0.309s to InitEngineTextLocalization.
[2019.01.16-15.04.21:988][  0]LogInit: Setting process to per monitor DPI aware
[2019.01.16-15.04.22:017][  0]LogSlate: New Slate User Created.  User Index 0, Is Virtual User: 0
[2019.01.16-15.04.22:017][  0]LogSlate: Slate User Registered.  User Index 0, Is Virtual User: 0
[2019.01.16-15.04.22:216][  0]LogHMD: Failed to initialize OpenVR with code 110
[2019.01.16-15.04.22:216][  0]LogD3D11RHI: D3D11 adapters:
[2019.01.16-15.04.22:250][  0]LogD3D11RHI:    0. 'Radeon RX Vega M GH Graphics' (Feature Level 11_0)
[2019.01.16-15.04.22:250][  0]LogD3D11RHI:       4042/0/8151 MB DedicatedVideo/DedicatedSystem/SharedSystem, Outputs:1, VendorId:0x1002
[2019.01.16-15.04.22:261][  0]LogD3D11RHI:    1. 'Intel(R) HD Graphics 630' (Feature Level 11_0)
[2019.01.16-15.04.22:261][  0]LogD3D11RHI:       128/0/8151 MB DedicatedVideo/DedicatedSystem/SharedSystem, Outputs:0, VendorId:0x8086
[2019.01.16-15.04.22:263][  0]LogD3D11RHI:    2. 'Microsoft Basic Render Driver' (Feature Level 11_0)
[2019.01.16-15.04.22:263][  0]LogD3D11RHI:       0/0/8151 MB DedicatedVideo/DedicatedSystem/SharedSystem, Outputs:0, VendorId:0x1414
[2019.01.16-15.04.22:263][  0]LogD3D11RHI: Chosen D3D11 Adapter: 0
[2019.01.16-15.04.22:270][  0]LogD3D11RHI: Creating new Direct3DDevice
[2019.01.16-15.04.22:270][  0]LogD3D11RHI:     GPU DeviceId: 0x694c (for the marketing name, search the web for "GPU Device Id")
[2019.01.16-15.04.22:270][  0]LogWindows: EnumDisplayDevices:
[2019.01.16-15.04.22:270][  0]LogWindows:    0. 'Radeon RX Vega M GH Graphics' (P:1 D:1)
[2019.01.16-15.04.22:271][  0]LogWindows:    1. 'Radeon RX Vega M GH Graphics' (P:0 D:0)
[2019.01.16-15.04.22:271][  0]LogWindows:    2. 'Radeon RX Vega M GH Graphics' (P:0 D:0)
[2019.01.16-15.04.22:271][  0]LogWindows:    3. 'Radeon RX Vega M GH Graphics' (P:0 D:0)
[2019.01.16-15.04.22:271][  0]LogWindows:    4. 'Radeon RX Vega M GH Graphics' (P:0 D:0)
[2019.01.16-15.04.22:272][  0]LogWindows:    5. 'Radeon RX Vega M GH Graphics' (P:0 D:0)
[2019.01.16-15.04.22:272][  0]LogWindows:    6. 'Radeon RX Vega M GH Graphics' (P:0 D:0)
[2019.01.16-15.04.22:272][  0]LogWindows:    7. 'Intel(R) HD Graphics 630' (P:0 D:0)
[2019.01.16-15.04.22:272][  0]LogWindows:    8. 'Intel(R) HD Graphics 630' (P:0 D:0)
[2019.01.16-15.04.22:273][  0]LogWindows: DebugString: PrimaryIsNotTheChoosenAdapter PrimaryIsNotTheChoosenAdapter FoundDriverCount:7 
[2019.01.16-15.04.22:273][  0]LogD3D11RHI:     Adapter Name: Radeon RX Vega M GH Graphics
[2019.01.16-15.04.22:273][  0]LogD3D11RHI:   Driver Version: Adrenalin 18.9.1 (internal:24.20.11026.2001, unified:24.20.11026.2001)
[2019.01.16-15.04.22:273][  0]LogD3D11RHI:      Driver Date: 8-30-2018
[2019.01.16-15.04.22:273][  0]LogRHI: Texture pool is 2829 MB (70% of 4042 MB)
[2019.01.16-15.04.22:337][  0]LogD3D11RHI: Async texture creation enabled
[2019.01.16-15.04.22:350][  0]LogD3D11RHI: GPU Timing Frequency: 25.000000 (Debug: 2 1)
[2019.01.16-15.04.22:352][  0]LogShaderCompilers: Guid format shader working directory is -35 characters bigger than the processId version (../../../../../../Users/u1108468/Documents/GitHub/whiteboxlevel/JH_ICWhiteBox001_AP/Intermediate/Shaders/WorkingDirectory/12364/).
[2019.01.16-15.04.22:352][  0]LogShaderCompilers: Cleaned the shader compiler working directory 'C:/Users/u1108468/AppData/Local/Temp/UnrealShaderWorkingDir/8910013941B87437541DF3B7CFED53D2/'.
[2019.01.16-15.04.22:590][  0]LogTemp: Display: Loaded TP AllDesktopTargetPlatform
[2019.01.16-15.04.22:601][  0]LogTemp: Display: Loaded TP MacClientTargetPlatform
[2019.01.16-15.04.22:612][  0]LogTemp: Display: Loaded TP MacNoEditorTargetPlatform
[2019.01.16-15.04.22:623][  0]LogTemp: Display: Loaded TP MacServerTargetPlatform
[2019.01.16-15.04.22:634][  0]LogTemp: Display: Loaded TP MacTargetPlatform
[2019.01.16-15.04.22:646][  0]LogTemp: Display: Loaded TP WindowsClientTargetPlatform
[2019.01.16-15.04.22:657][  0]LogTemp: Display: Loaded TP WindowsNoEditorTargetPlatform
[2019.01.16-15.04.22:668][  0]LogTemp: Display: Loaded TP WindowsServerTargetPlatform
[2019.01.16-15.04.22:674][  0]LogTemp: Display: Loaded TP WindowsTargetPlatform
[2019.01.16-15.04.22:737][  0]LogTemp: Display: Loaded TP AndroidTargetPlatform
[2019.01.16-15.04.22:737][  0]LogTemp: Display: Loaded TP AndroidTargetPlatform
[2019.01.16-15.04.22:737][  0]LogTemp: Display: Loaded TP AndroidTargetPlatform
[2019.01.16-15.04.22:737][  0]LogTemp: Display: Loaded TP AndroidTargetPlatform
[2019.01.16-15.04.22:737][  0]LogTemp: Display: Loaded TP AndroidTargetPlatform
[2019.01.16-15.04.22:737][  0]LogTemp: Display: Loaded TP AndroidTargetPlatform
[2019.01.16-15.04.22:737][  0]LogTemp: Display: Loaded TP AndroidTargetPlatform
[2019.01.16-15.04.22:737][  0]LogTemp: Display: Loaded TP AndroidTargetPlatform
[2019.01.16-15.04.22:737][  0]LogTemp: Display: Loaded TP AndroidTargetPlatform
[2019.01.16-15.04.22:737][  0]LogTemp: Display: Loaded TP AndroidTargetPlatform
[2019.01.16-15.04.22:737][  0]LogTemp: Display: Loaded TP AndroidTargetPlatform
[2019.01.16-15.04.22:737][  0]LogTemp: Display: Loaded TP AndroidTargetPlatform
[2019.01.16-15.04.22:737][  0]LogTemp: Display: Loaded TP AndroidTargetPlatform
[2019.01.16-15.04.22:737][  0]LogTemp: Display: Loaded TP AndroidTargetPlatform
[2019.01.16-15.04.22:737][  0]LogTemp: Display: Loaded TP AndroidTargetPlatform
[2019.01.16-15.04.22:737][  0]LogTemp: Display: Loaded TP AndroidTargetPlatform
[2019.01.16-15.04.22:737][  0]LogTemp: Display: Loaded TP AndroidTargetPlatform
[2019.01.16-15.04.22:737][  0]LogTemp: Display: Loaded TP AndroidTargetPlatform
[2019.01.16-15.04.22:738][  0]LogTemp: Display: Loaded TP HTML5TargetPlatform
[2019.01.16-15.04.22:794][  0]LogTemp: Display: Loaded TP IOSTargetPlatform
[2019.01.16-15.04.22:794][  0]LogTemp: Display: Loaded TP IOSTargetPlatform
[2019.01.16-15.04.22:813][  0]LogTemp: Display: Loaded TP TVOSTargetPlatform
[2019.01.16-15.04.22:813][  0]LogTemp: Display: Loaded TP TVOSTargetPlatform
[2019.01.16-15.04.22:823][  0]LogTemp: Display: Loaded TP LinuxClientTargetPlatform
[2019.01.16-15.04.22:833][  0]LogTemp: Display: Loaded TP LinuxNoEditorTargetPlatform
[2019.01.16-15.04.22:843][  0]LogTemp: Display: Loaded TP LinuxServerTargetPlatform
[2019.01.16-15.04.22:853][  0]LogTemp: Display: Loaded TP LinuxTargetPlatform
[2019.01.16-15.04.22:861][  0]LogTemp: Display: Loaded TP LuminTargetPlatform
[2019.01.16-15.04.22:861][  0]LogTargetPlatformManager: Display: Building Assets For Windows
[2019.01.16-15.04.22:914][  0]LogXGEController: Cannot use XGE Controller as Incredibuild is not installed on this machine.
[2019.01.16-15.04.22:915][  0]LogShaderCompilers: Cannot use XGE Shader Compiler as Incredibuild is not installed on this machine.
[2019.01.16-15.04.22:915][  0]LogShaderCompilers: Display: Using Local Shader Compiler.
[2019.01.16-15.04.23:525][  0]LogDerivedDataCache: Display: Max Cache Size: 512 MB
[2019.01.16-15.04.23:573][  0]LogDerivedDataCache: Loaded boot cache 0.05s 71MB C:/Users/u1108468/AppData/Local/UnrealEngine/4.20/DerivedDataCache/Boot.ddc.
[2019.01.16-15.04.23:574][  0]LogDerivedDataCache: Display: Loaded Boot cache: C:/Users/u1108468/AppData/Local/UnrealEngine/4.20/DerivedDataCache/Boot.ddc
[2019.01.16-15.04.23:574][  0]LogDerivedDataCache: FDerivedDataBackendGraph:  Pak pak cache file ../../../../../../Users/u1108468/Documents/GitHub/whiteboxlevel/JH_ICWhiteBox001_AP/DerivedDataCache/DDC.ddp not found, will not use a pak cache.
[2019.01.16-15.04.23:574][  0]LogDerivedDataCache: Unable to find inner node Pak for hierarchical cache Hierarchy.
[2019.01.16-15.04.23:574][  0]LogDerivedDataCache: FDerivedDataBackendGraph:  CompressedPak pak cache file ../../../../../../Users/u1108468/Documents/GitHub/whiteboxlevel/JH_ICWhiteBox001_AP/DerivedDataCache/Compressed.ddp not found, will not use a pak cache.
[2019.01.16-15.04.23:574][  0]LogDerivedDataCache: Unable to find inner node CompressedPak for hierarchical cache Hierarchy.
[2019.01.16-15.04.23:586][  0]LogDerivedDataCache: Display: Pak cache opened for reading ../../../Engine/DerivedDataCache/Compressed.ddp.
[2019.01.16-15.04.23:599][  0]LogDerivedDataCache: Using Local data cache path C:/Users/u1108468/AppData/Local/UnrealEngine/Common/DerivedDataCache: Writable
[2019.01.16-15.04.23:599][  0]LogDerivedDataCache: Shared data cache path not found in *engine.ini, will not use an Shared cache.
[2019.01.16-15.04.23:599][  0]LogDerivedDataCache: Unable to find inner node Shared for hierarchical cache Hierarchy.
[2019.01.16-15.04.23:613][  0]LogMaterial: Verifying Global Shaders for PCD3D_SM5
[2019.01.16-15.04.23:614][  0]LogSlate: Using FreeType 2.6.0
[2019.01.16-15.04.23:615][  0]LogSlate: SlateFontServices - WITH_FREETYPE: 1, WITH_HARFBUZZ: 1
[2019.01.16-15.04.23:680][  0]LogAssetRegistry: FAssetRegistry took 0.0253 seconds to start up
[2019.01.16-15.04.23:962][  0]LogInit: Selected Device Profile: [Windows]
[2019.01.16-15.04.24:012][  0]LogSimplygon: Simplygon DLL not present - disabling.
[2019.01.16-15.04.24:016][  0]LogMeshReduction: Using SimplygonSwarm for distributed automatic mesh merging
[2019.01.16-15.04.24:016][  0]LogMeshReduction: Using ProxyLODMeshReduction for automatic mesh merging
[2019.01.16-15.04.24:016][  0]LogMeshReduction: Using QuadricMeshReduction for automatic static mesh reduction
[2019.01.16-15.04.24:016][  0]LogMeshReduction: No automatic skeletal mesh reduction module available
[2019.01.16-15.04.24:099][  0]LogNetVersion: JH_ICWhiteBox001_AP 1.0.0, NetCL: 4212847, EngineNetVer: 5, GameNetVer: 0 (Checksum: 2852069992)
[2019.01.16-15.04.24:602][  0]LogPackageLocalizationCache: Processed 11 localized package path(s) for 2 prioritized culture(s) in 0.104074 seconds
[2019.01.16-15.04.24:607][  0]LogUObjectArray: 38425 objects as part of root set at end of initial load.
[2019.01.16-15.04.24:607][  0]LogUObjectAllocator: 6690864 out of 0 bytes used by permanent object pool.
[2019.01.16-15.04.24:607][  0]LogUObjectArray: CloseDisregardForGC: 0/0 objects in disregard for GC pool
[2019.01.16-15.04.25:396][  0]LogTcpMessaging: Initializing TcpMessaging bridge
[2019.01.16-15.04.25:410][  0]LogUdpMessaging: Initializing bridge on interface 0.0.0.0:0 to multicast group 230.0.0.1:6666.
[2019.01.16-15.04.25:545][  0]SourceControl: Source control is disabled
[2019.01.16-15.04.25:545][  0]SourceControl: Source control is disabled
[2019.01.16-15.04.25:547][  0]SourceControl: Source control is disabled
[2019.01.16-15.04.25:548][  0]SourceControl: Source control is disabled
[2019.01.16-15.04.25:704][  0]LogAndroidPermission: UAndroidPermissionCallbackProxy::GetInstance
[2019.01.16-15.04.25:781][  0]LogOcInput: OculusInput pre-init called
[2019.01.16-15.04.25:838][  0]LogEngine: Initializing Engine...
[2019.01.16-15.04.25:838][  0]LogHMD: Failed to initialize OpenVR with code 110
[2019.01.16-15.04.25:839][  0]LogStats: UGameplayTagsManager::ConstructGameplayTagTree: ImportINI prefixes -  0.000 s
[2019.01.16-15.04.25:839][  0]LogStats: UGameplayTagsManager::ConstructGameplayTagTree: Construct from data asset -  0.000 s
[2019.01.16-15.04.25:839][  0]LogStats: UGameplayTagsManager::ConstructGameplayTagTree: ImportINI -  0.000 s
[2019.01.16-15.04.25:840][  0]LogStats: UGameplayTagsManager::ConstructGameplayTagTree: GameplayTagTreeChangedEvent.Broadcast -  0.000 s
[2019.01.16-15.04.26:029][  0]LogInit: Initializing FReadOnlyCVARCache
[2019.01.16-15.04.26:043][  0]LogAIModule: Creating AISystem for world Untitled
[2019.01.16-15.04.26:074][  0]LogInit: XAudio2 using '4 - CintiqPro24P (AMD High Definition Audio Device)' : 2 channels at 48 kHz using 16 bits per sample (channel mask 0x3)
[2019.01.16-15.04.26:100][  0]LogInit: FAudioDevice initialized.
[2019.01.16-15.04.26:100][  0]LogNetVersion: Set ProjectVersion to 1.0.0.0. Version Checksum will be recalculated on next use.
[2019.01.16-15.04.26:180][  0]LogDerivedDataCache: Saved boot cache 0.08s 71MB C:/Users/u1108468/AppData/Local/UnrealEngine/4.20/DerivedDataCache/Boot.ddc.
[2019.01.16-15.04.26:196][  0]LogInit: Texture streaming: Enabled
[2019.01.16-15.04.26:212][  0]LogEngineSessionManager: EngineSessionManager initialized
[2019.01.16-15.04.26:224][  0]LogInit: Transaction tracking system initialized
[2019.01.16-15.04.26:247][  0]BlueprintLog: New page: Editor Load
[2019.01.16-15.04.26:325][  0]LocalizationService: Localization service is disabled
[2019.01.16-15.04.26:578][  0]LogCook: Display: Max memory allowance for cook 16384mb min free memory 0mb
[2019.01.16-15.04.26:578][  0]LogCook: Display: Mobile HDR setting 1
[2019.01.16-15.04.26:578][  0]LogGameplayTags: Display: UGameplayTagsManager::DoneAddingNativeTags. DelegateIsBound: 0
[2019.01.16-15.04.26:578][  0]LogStats: UGameplayTagsManager::ConstructGameplayTagTree: ImportINI prefixes -  0.000 s
[2019.01.16-15.04.26:578][  0]LogStats: UGameplayTagsManager::ConstructGameplayTagTree: Construct from data asset -  0.000 s
[2019.01.16-15.04.26:578][  0]LogStats: UGameplayTagsManager::ConstructGameplayTagTree: ImportINI -  0.000 s
[2019.01.16-15.04.26:578][  0]LogStats: UGameplayTagsManager::ConstructGameplayTagTree: GameplayTagTreeChangedEvent.Broadcast -  0.000 s
[2019.01.16-15.04.26:698][  0]LogFileCache: Scanning file cache for directory 'C:/Users/u1108468/Documents/GitHub/whiteboxlevel/JH_ICWhiteBox001_AP/Content/' took 0.02s
[2019.01.16-15.04.26:698][  0]SourceControl: Source control is disabled
[2019.01.16-15.04.26:698][  0]Cmd: MAP LOAD FILE="../../../Engine/Content/Maps/Templates/Template_Default.umap" TEMPLATE=1 SHOWPROGRESS=1 FEATURELEVEL=3
[2019.01.16-15.04.26:698][  0]LightingResults: New page: Lighting Build
[2019.01.16-15.04.26:701][  0]MapCheck: New page: Map Check
[2019.01.16-15.04.26:701][  0]LightingResults: New page: Lighting Build
[2019.01.16-15.04.26:882][  0]LogAIModule: Creating AISystem for world Untitled_1
[2019.01.16-15.04.26:888][  0]LogEditorServer: Finished looking for orphan Actors (0.000 secs)
[2019.01.16-15.04.26:908][  0]Cmd: MAP CHECKDEP NOCLEARLOG
[2019.01.16-15.04.26:972][  0]MapCheck: Map check complete: 0 Error(s), 0 Warning(s), took 63.223ms to complete.
[2019.01.16-15.04.26:972][  0]LogFileHelpers: Loading map 'Template_Default' took 0.274
[2019.01.16-15.04.27:115][  0]LogSlate: Updating window title bar state: overlay mode, drag disabled, window buttons hidden, title bar hidden
[2019.01.16-15.04.27:123][  0]LogSlate: Updating window title bar state: overlay mode, drag disabled, window buttons hidden, title bar hidden
[2019.01.16-15.04.27:131][  0]LogSlate: Updating window title bar state: overlay mode, drag disabled, window buttons hidden, title bar hidden
[2019.01.16-15.04.27:138][  0]LogSlate: Updating window title bar state: overlay mode, drag disabled, window buttons hidden, title bar hidden
[2019.01.16-15.04.27:157][  0]LogCollectionManager: Loaded 0 collections in 0.002120 seconds
[2019.01.16-15.04.27:220][  0]LogFileCache: Scanning file cache for directory 'C:/Users/u1108468/Documents/GitHub/whiteboxlevel/JH_ICWhiteBox001_AP/Saved/Collections/' took 0.01s
[2019.01.16-15.04.27:221][  0]LogFileCache: Scanning file cache for directory 'C:/Users/u1108468/Documents/GitHub/whiteboxlevel/JH_ICWhiteBox001_AP/Content/Developers/u1108468/Collections/' took 0.01s
[2019.01.16-15.04.27:221][  0]LogFileCache: Scanning file cache for directory 'C:/Users/u1108468/Documents/GitHub/whiteboxlevel/JH_ICWhiteBox001_AP/Content/Collections/' took 0.01s
[2019.01.16-15.04.27:221][  0]LogCollectionManager: Rebuilt the GUID cache for 0 collections in 0.000000 seconds
[2019.01.16-15.04.27:234][  0]LogContentBrowser: Native class hierarchy populated in 0.0115 seconds. Added 2572 classes and 603 folders.
[2019.01.16-15.04.27:253][  0]LogContentBrowser: Native class hierarchy updated for 'WidgetCarousel' in 0.0003 seconds. Added 0 classes and 0 folders.
[2019.01.16-15.04.27:740][  0]LogContentBrowser: Native class hierarchy updated for 'AddContentDialog' in 0.0003 seconds. Added 0 classes and 0 folders.
[2019.01.16-15.04.27:756][  0]LogContentBrowser: Native class hierarchy updated for 'SceneOutliner' in 0.0002 seconds. Added 1 classes and 2 folders.
[2019.01.16-15.04.27:821][  0]LogSlate: Took 0.000211 seconds to synchronously load lazily loaded font '../../../Engine/Content/Slate/Fonts/Roboto-Regular.ttf' (155K)
[2019.01.16-15.04.27:823][  0]LogSlate: Took 0.000253 seconds to synchronously load lazily loaded font '../../../Engine/Content/Slate/Fonts/Roboto-Bold.ttf' (160K)
[2019.01.16-15.04.27:836][  0]LogSlate: Took 0.005346 seconds to synchronously load lazily loaded font '../../../Engine/Content/Editor/Slate/Fonts/FontAwesome.ttf' (139K)
[2019.01.16-15.04.27:953][  0]LogRenderer: Reallocating scene render targets to support 1208x576 Format 10 NumSamples 1 (Frame:1).
[2019.01.16-15.04.28:135][  0]LogContentBrowser: Native class hierarchy updated for 'HierarchicalLODOutliner' in 0.0003 seconds. Added 0 classes and 0 folders.
[2019.01.16-15.04.28:135][  0]LogLoad: (Engine Initialization) Total time: 8.31 seconds
[2019.01.16-15.04.28:135][  0]LogLoad: (Engine Initialization) Total Blueprint compile time: 0.00 seconds
[2019.01.16-15.04.28:145][  0]LogWindowsTextInputMethodSystem: Display: IME system now deactivated.
[2019.01.16-15.04.28:159][  0]LogContentStreaming: Texture pool size now 1000 MB
[2019.01.16-15.04.33:072][579]LogAssetRegistry: Asset discovery search completed in 9.4143 seconds
[2019.01.16-15.04.33:073][579]LogCollectionManager: Rebuilt the object cache for 0 collections in 0.000000 seconds (found 0 objects)
[2019.01.16-15.04.33:073][579]LogCollectionManager: Fixed up redirectors for 0 collections in 0.000037 seconds (updated 0 objects)
[2019.01.16-15.04.40:025][412]LogSlate: FSceneViewport::OnFocusLost() reason 0
[2019.01.16-15.04.40:226][435]LogSlate: Took 0.005353 seconds to synchronously load lazily loaded font '../../../Engine/Content/Slate/Fonts/Roboto-Light.ttf' (167K)
[2019.01.16-15.04.40:301][435]LogAIModule: Creating AISystem for world JH_StreetLevel
[2019.01.16-15.04.40:313][435]LogAssetEditorManager: Opening Asset editor for World /Game/JH_StreetLevel.JH_StreetLevel
[2019.01.16-15.04.40:334][435]Cmd: MAP LOAD FILE="../../../../../../Users/u1108468/Documents/GitHub/whiteboxlevel/JH_ICWhiteBox001_AP/Content/JH_StreetLevel.umap" TEMPLATE=0 SHOWPROGRESS=1 FEATURELEVEL=3
[2019.01.16-15.04.40:334][435]LightingResults: New page: Lighting Build
[2019.01.16-15.04.40:334][435]LoadErrors: New page: Loading map: JH_StreetLevel.umap
[2019.01.16-15.04.40:335][435]MapCheck: New page: Map Check
[2019.01.16-15.04.40:335][435]LightingResults: New page: Lighting Build
[2019.01.16-15.04.40:382][435]LogEditorServer: Finished looking for orphan Actors (0.000 secs)
[2019.01.16-15.04.40:422][435]Cmd: MAP CHECKDEP NOCLEARLOG
[2019.01.16-15.04.40:478][435]MapCheck: Map check complete: 0 Error(s), 0 Warning(s), took 56.673ms to complete.
[2019.01.16-15.04.40:478][435]LogFileHelpers: Loading map 'JH_StreetLevel' took 0.145
[2019.01.16-15.05.17:640][707]Cmd: BRUSH SUBTRACT SELECTNEWBRUSH
[2019.01.16-15.05.45:844][ 12]LogSlate: FSceneViewport::OnFocusLost() reason 0
[2019.01.16-15.07.54:105][ 84]LogSlate: FSceneViewport::OnFocusLost() reason 2
[2019.01.16-15.08.07:490][648]LogSlate: FSceneViewport::OnFocusLost() reason 0
[2019.01.16-15.08.21:130][244]LogSlate: FSceneViewport::OnFocusLost() reason 0
[2019.01.16-15.08.31:493][462]LogEditorViewport: Clicking on Actor (context menu): BP_Sky_Sphere_C (Sky Sphere2)
[2019.01.16-15.08.31:533][462]LogSlate: FSceneViewport::OnFocusLost() reason 2
[2019.01.16-15.08.32:778][604]LogEditorViewport: Clicking on Actor (LMB): BP_Sky_Sphere_C (Sky Sphere2)
[2019.01.16-15.09.21:267][316]LogSlate: FSceneViewport::OnFocusLost() reason 0
[2019.01.16-15.11.20:314][339]LogSlate: FSceneViewport::OnFocusLost() reason 0
[2019.01.16-15.11.30:797][525]LogEditorViewport: Clicking on Actor (LMB): BP_Sky_Sphere_C (Sky Sphere3)
[2019.01.16-15.11.31:651][621]LogSlate: Took 0.006780 seconds to synchronously load lazily loaded font '../../../Engine/Content/Slate/Fonts/Roboto-Italic.ttf' (157K)
[2019.01.16-15.11.45:040][186]LogEditorViewport: Clicking on Actor (LMB): BP_Sky_Sphere_C (Sky Sphere)
[2019.01.16-15.11.50:776][855]LogSlate: FSceneViewport::OnFocusLost() reason 0
[2019.01.16-15.12.01:312][ 68]LogSlate: FSceneViewport::OnFocusLost() reason 0
[2019.01.16-15.12.44:208][131]LogEditorViewport: Clicking on Actor (LMB): BP_Sky_Sphere_C (Sky Sphere2)
[2019.01.16-15.12.45:597][286]LogSlate: FSceneViewport::OnFocusLost() reason 0
[2019.01.16-15.12.46:603][402]Cmd: BRUSH SUBTRACT SELECTNEWBRUSH
[2019.01.16-15.12.53:146][979]LogSlate: FSceneViewport::OnFocusLost() reason 0
[2019.01.16-15.12.57:097][423]LogEditorViewport: Clicking on Actor (LMB): BP_Sky_Sphere_C (Sky Sphere3)
[2019.01.16-15.13.01:888][975]LogSlate: FSceneViewport::OnFocusLost() reason 0
[2019.01.16-15.13.26:543][739]LogSlate: FSceneViewport::OnFocusLost() reason 2
[2019.01.16-15.13.27:290][829]LogEditorViewport: Clicking on Actor (context menu): BP_Sky_Sphere_C (Sky Sphere3)
[2019.01.16-15.13.27:327][829]LogSlate: FSceneViewport::OnFocusLost() reason 2
[2019.01.16-15.13.34:354][640]LogEditorActor: Deleted Actor: Brush
[2019.01.16-15.13.34:394][640]LogEditorActor: Deleted 1 Actors (0.047 secs)
[2019.01.16-15.13.45:919][696]Cmd: BRUSH SUBTRACT SELECTNEWBRUSH
[2019.01.16-15.13.49:616][127]LogSlate: FSceneViewport::OnFocusLost() reason 0
[2019.01.16-15.14.08:459][369]LogSlate: FSceneViewport::OnFocusLost() reason 2
[2019.01.16-15.14.13:157][921]LogSlate: FSceneViewport::OnFocusLost() reason 2
[2019.01.16-15.14.16:930][350]LogEditorViewport: Clicking on Actor (LMB): BP_Sky_Sphere_C (Sky Sphere3)
[2019.01.16-15.14.19:330][627]LogSlate: FSceneViewport::OnFocusLost() reason 0
[2019.01.16-15.14.20:437][758]LogEditorActor: Deleted Actor: Brush
[2019.01.16-15.14.20:478][758]LogEditorActor: Deleted 1 Actors (0.045 secs)
[2019.01.16-15.14.28:748][668]LogSlate: FSceneViewport::OnFocusLost() reason 0
[2019.01.16-15.14.30:847][902]Cmd: BRUSH ADD SELECTNEWBRUSH
[2019.01.16-15.14.33:323][188]LogSlate: FSceneViewport::OnFocusLost() reason 0
[2019.01.16-15.14.36:752][577]LogEditorViewport: Clicking on Actor (LMB): BP_Sky_Sphere_C (Sky Sphere3)
[2019.01.16-15.14.43:505][349]LogSlate: FSceneViewport::OnFocusLost() reason 0
[2019.01.16-15.15.17:138][286]LogSlate: FSceneViewport::OnFocusLost() reason 0
[2019.01.16-15.15.24:256][128]LogSlate: FSceneViewport::OnFocusLost() reason 0
[2019.01.16-15.15.36:294][521]LogSlate: FSceneViewport::OnFocusLost() reason 0
[2019.01.16-15.15.44:410][443]LogSlate: FSceneViewport::OnFocusLost() reason 0
[2019.01.16-15.16.23:162][858]LogEditorViewport: Clicking on Actor (LMB): BP_Sky_Sphere_C (Sky Sphere5)
[2019.01.16-15.16.53:505][372]LogSlate: FSceneViewport::OnFocusLost() reason 0
[2019.01.16-15.17.21:947][489]LogEditorViewport: Clicking on Actor (LMB): BP_Sky_Sphere_C (Sky Sphere5)
[2019.01.16-15.17.26:163][963]LogSlate: FSceneViewport::OnFocusLost() reason 0
[2019.01.16-15.17.35:517][ 58]LogEditorViewport: Clicking on Actor (LMB): BP_Sky_Sphere_C (Sky Sphere5)
[2019.01.16-15.17.40:329][608]LogEditorViewport: Clicking on Actor (context menu): BP_Sky_Sphere_C (Sky Sphere5)
[2019.01.16-15.17.40:357][608]LogSlate: FSceneViewport::OnFocusLost() reason 2
[2019.01.16-15.17.41:361][728]LogEditorViewport: Clicking on Actor (LMB): BP_Sky_Sphere_C (Sky Sphere5)
[2019.01.16-15.17.46:542][241]LogSlate: FSceneViewport::OnFocusLost() reason 0
[2019.01.16-15.17.51:970][867]LogEditorViewport: Clicking on Actor (LMB): BP_Sky_Sphere_C (Sky Sphere5)
[2019.01.16-15.17.56:965][447]LogSlate: FSceneViewport::OnFocusLost() reason 0
[2019.01.16-15.18.07:402][553]LogEditorViewport: Clicking on Actor (LMB): BP_Sky_Sphere_C (Sky Sphere3)
[2019.01.16-15.18.12:283][120]LogSlate: FSceneViewport::OnFocusLost() reason 0
[2019.01.16-15.18.18:166][807]LogSlate: FSceneViewport::OnFocusLost() reason 0
[2019.01.16-15.18.38:989][161]LogSlate: FSceneViewport::OnFocusLost() reason 0
[2019.01.16-15.18.58:299][437]LogSlate: FSceneViewport::OnFocusLost() reason 0
[2019.01.16-15.19.38:437][ 53]LogSlate: FSceneViewport::OnFocusLost() reason 2
[2019.01.16-15.19.45:308][849]Cmd: EDIT COPY
[2019.01.16-15.19.45:525][873]Cmd: EDIT PASTE
[2019.01.16-15.19.53:323][785]LogSlate: FSceneViewport::OnFocusLost() reason 0
[2019.01.16-15.20.00:280][606]LogSlate: FSceneViewport::OnFocusLost() reason 0
[2019.01.16-15.20.59:160][269]LogEditorViewport: Clicking on Actor (LMB): BP_Sky_Sphere_C (Sky Sphere5)
[2019.01.16-15.21.02:709][663]LogSlate: FSceneViewport::OnFocusLost() reason 0
[2019.01.16-15.21.20:240][662]Cmd: DELETE
[2019.01.16-15.21.20:240][662]Cmd: ACTOR DELETE
[2019.01.16-15.21.20:248][662]LogEditorActor: Deleted Actor: Brush
[2019.01.16-15.21.20:288][662]LogEditorActor: Deleted 1 Actors (0.048 secs)
[2019.01.16-15.21.23:275][ 12]Cmd: DELETE
[2019.01.16-15.21.23:275][ 12]Cmd: ACTOR DELETE
[2019.01.16-15.21.23:283][ 12]LogEditorActor: Deleted Actor: Brush
[2019.01.16-15.21.23:323][ 12]LogEditorActor: Deleted 1 Actors (0.048 secs)
[2019.01.16-15.21.25:300][241]Cmd: DELETE
[2019.01.16-15.21.25:300][241]Cmd: ACTOR DELETE
[2019.01.16-15.21.25:309][241]LogEditorActor: Deleted Actor: Brush
[2019.01.16-15.21.25:347][241]LogEditorActor: Deleted 1 Actors (0.046 secs)
[2019.01.16-15.21.27:270][469]LogSlate: FSceneViewport::OnFocusLost() reason 0
[2019.01.16-15.21.56:269][766]Cmd: EDIT COPY
[2019.01.16-15.21.56:528][797]Cmd: EDIT PASTE
[2019.01.16-15.22.06:543][971]LogSlate: FSceneViewport::OnFocusLost() reason 0
[2019.01.16-15.22.12:641][633]LogSlate: FSceneViewport::OnFocusLost() reason 0
[2019.01.16-15.22.48:806][614]LogSlate: FSceneViewport::OnFocusLost() reason 0
[2019.01.16-15.23.00:672][ 22]Cmd: EDIT COPY
[2019.01.16-15.23.00:890][ 48]Cmd: EDIT PASTE
[2019.01.16-15.23.06:013][628]LogSlate: FSceneViewport::OnFocusLost() reason 0
[2019.01.16-15.23.13:005][450]LogSlate: FSceneViewport::OnFocusLost() reason 0
[2019.01.16-15.24.00:579][876]LogSlate: FSceneViewport::OnFocusLost() reason 2
[2019.01.16-15.24.07:170][549]LogSlate: FSceneViewport::OnFocusLost() reason 2
[2019.01.16-15.24.07:449][549]LogSavePackage: Moving '../../../../../../Users/u1108468/Documents/GitHub/whiteboxlevel/JH_ICWhiteBox001_AP/Saved/JH_StreetLevel_Auto16DA3F01840CFC886332291A1CB3FB5B5.tmp' to '../../../../../../Users/u1108468/Documents/GitHub/whiteboxlevel/JH_ICWhiteBox001_AP/Saved/Autosaves/Game/JH_StreetLevel_Auto1.umap'
[2019.01.16-15.24.07:455][549]LogFileHelpers: Editor autosave (incl. sublevels) for '/Game/JH_StreetLevel' took 0.261
[2019.01.16-15.24.07:455][549]LogFileHelpers: Editor autosave (incl. sublevels) for all levels took 0.261
[2019.01.16-15.24.13:134][112]Cmd: EDIT COPY
[2019.01.16-15.24.13:335][136]Cmd: EDIT PASTE
[2019.01.16-15.24.23:180][278]LogSlate: FSceneViewport::OnFocusLost() reason 0
[2019.01.16-15.24.30:219][ 53]LogSlate: FSceneViewport::OnFocusLost() reason 0
[2019.01.16-15.24.56:296][ 32]LogSlate: FSceneViewport::OnFocusLost() reason 0
[2019.01.16-15.25.05:126][ 19]LogSlate: FSceneViewport::OnFocusLost() reason 0
[2019.01.16-15.25.20:506][809]LogSlate: FSceneViewport::OnFocusLost() reason 0
[2019.01.16-15.25.28:049][678]LogSlate: FSceneViewport::OnFocusLost() reason 0
[2019.01.16-15.25.57:959][ 69]LogEditorViewport: Clicking on Actor (LMB): BP_Sky_Sphere_C (Sky Sphere3)
[2019.01.16-15.26.43:802][243]LogSlate: FSceneViewport::OnFocusLost() reason 2
[2019.01.16-15.26.46:121][520]LogSlate: FSceneViewport::OnFocusLost() reason 2
[2019.01.16-15.26.46:616][576]LogSlate: FSceneViewport::OnFocusLost() reason 2
[2019.01.16-15.26.47:929][733]Cmd: TRANSACTION UNDO
[2019.01.16-15.26.47:929][733]LogEditorTransaction: Undo Move Actors
[2019.01.16-15.26.47:948][733]LogActorComponent: ~FComponentReregisterContext: (/Game/JH_StreetLevel.JH_StreetLevel:PersistentLevel.Brush_Street_17.BrushComponent0) Component already registered.
[2019.01.16-15.26.47:949][733]LogActorComponent: ~FComponentReregisterContext: (/Game/JH_StreetLevel.JH_StreetLevel:PersistentLevel.Brush_Street_4.BrushComponent0) Component already registered.
[2019.01.16-15.26.47:955][733]LogActorComponent: ~FComponentReregisterContext: (/Game/JH_StreetLevel.JH_StreetLevel:PersistentLevel.Brush_Street_25.BrushComponent0) Component already registered.
[2019.01.16-15.26.52:324][203]LogSlate: FSceneViewport::OnFocusLost() reason 0
[2019.01.16-15.27.34:944][926]LogEditorViewport: Clicking on Actor (LMB): BP_Sky_Sphere_C (Sky Sphere3)
[2019.01.16-15.27.56:195][172]LogSlate: FSceneViewport::OnFocusLost() reason 0
[2019.01.16-15.28.04:309][ 26]LogEditorViewport: Clicking on Actor (LMB): BP_Sky_Sphere_C (Sky Sphere4)
[2019.01.16-15.28.06:923][262]LogSlate: FSceneViewport::OnFocusLost() reason 0
[2019.01.16-15.28.09:798][575]LogEditorViewport: Clicking on Actor (LMB): BP_Sky_Sphere_C (Sky Sphere4)
[2019.01.16-15.28.11:617][763]LogSlate: FSceneViewport::OnFocusLost() reason 0
[2019.01.16-15.28.18:979][556]LogEditorViewport: Clicking on Actor (LMB): BP_Sky_Sphere_C (Sky Sphere3)
[2019.01.16-15.28.30:561][845]LogSlate: FSceneViewport::OnFocusLost() reason 0
[2019.01.16-15.28.37:240][535]LogSlate: FSceneViewport::OnFocusLost() reason 0
[2019.01.16-15.29.02:941][364]LogSlate: FSceneViewport::OnFocusLost() reason 0
[2019.01.16-15.29.05:122][574]LogEditorViewport: Clicking on Actor (LMB): BP_Sky_Sphere_C (Sky Sphere)
[2019.01.16-15.29.07:259][787]LogSlate: FSceneViewport::OnFocusLost() reason 0
[2019.01.16-15.29.10:348][ 93]LogEditorViewport: Clicking on Actor (LMB): BP_Sky_Sphere_C (Sky Sphere2)
[2019.01.16-15.29.16:638][815]Cmd: EDCALLBACK SURFPROPS
[2019.01.16-15.29.24:043][630]LogSlate: FSceneViewport::OnFocusLost() reason 0
[2019.01.16-15.29.26:204][854]LogEditorViewport: Clicking on Actor (LMB): BP_Sky_Sphere_C (Sky Sphere2)
[2019.01.16-15.29.27:842][ 13]LogSlate: FSceneViewport::OnFocusLost() reason 0
[2019.01.16-15.29.31:582][405]LogSlate: FSceneViewport::OnFocusLost() reason 0
[2019.01.16-15.29.35:495][798]LogSlate: FSceneViewport::OnFocusLost() reason 0
[2019.01.16-15.29.40:046][274]LogSlate: FSceneViewport::OnFocusLost() reason 0
[2019.01.16-15.29.42:707][558]LogSlate: FSceneViewport::OnFocusLost() reason 0
[2019.01.16-15.29.46:308][938]LogSlate: FSceneViewport::OnFocusLost() reason 0
[2019.01.16-15.30.00:675][392]LogSlate: FSceneViewport::OnFocusLost() reason 0
[2019.01.16-15.30.06:956][ 58]LogSlate: FSceneViewport::OnFocusLost() reason 0
[2019.01.16-15.30.11:034][487]LogSlate: FSceneViewport::OnFocusLost() reason 0
[2019.01.16-15.30.20:365][449]LogSlate: FSceneViewport::OnFocusLost() reason 0
[2019.01.16-15.30.24:130][846]LogSlate: FSceneViewport::OnFocusLost() reason 0
[2019.01.16-15.30.28:276][271]LogSlate: FSceneViewport::OnFocusLost() reason 0
[2019.01.16-15.30.33:493][848]LogSlate: FSceneViewport::OnFocusLost() reason 0
[2019.01.16-15.30.37:032][224]LogSlate: FSceneViewport::OnFocusLost() reason 0
[2019.01.16-15.30.39:513][479]LogSlate: FSceneViewport::OnFocusLost() reason 0
[2019.01.16-15.30.41:499][673]LogSlate: FSceneViewport::OnFocusLost() reason 0
[2019.01.16-15.30.43:448][863]LogSlate: FSceneViewport::OnFocusLost() reason 0
[2019.01.16-15.30.49:034][479]LogSlate: FSceneViewport::OnFocusLost() reason 0
[2019.01.16-15.30.51:594][737]LogSlate: FSceneViewport::OnFocusLost() reason 0
[2019.01.16-15.30.54:122][  1]LogSlate: FSceneViewport::OnFocusLost() reason 0
[2019.01.16-15.30.57:121][313]LogSlate: FSceneViewport::OnFocusLost() reason 0
[2019.01.16-15.30.59:433][533]LogSlate: FSceneViewport::OnFocusLost() reason 0
[2019.01.16-15.31.00:533][650]LogEditorViewport: Clicking on Actor (LMB): BP_Sky_Sphere_C (Sky Sphere3)
[2019.01.16-15.31.13:465][178]LogEditorViewport: Clicking on Actor (LMB): BP_Sky_Sphere_C (Sky Sphere5)
[2019.01.16-15.31.20:182][968]LogEditorViewport: Clicking on Actor (LMB): BP_Sky_Sphere_C (Sky Sphere5)
[2019.01.16-15.31.37:854][993]LogEditorViewport: Clicking on Actor (LMB): BP_Sky_Sphere_C (Sky Sphere3)
[2019.01.16-15.32.08:156][839]LogSlate: FSceneViewport::OnFocusLost() reason 2
[2019.01.16-15.32.11:738][230]LogEditorViewport: Clicking on Actor (context menu): BP_Sky_Sphere_C (Sky Sphere5)
[2019.01.16-15.32.11:774][230]LogSlate: FSceneViewport::OnFocusLost() reason 2
[2019.01.16-15.32.12:602][326]LogEditorViewport: Clicking on Actor (LMB): BP_Sky_Sphere_C (Sky Sphere5)
[2019.01.16-15.32.25:532][831]Cmd: EDIT COPY
[2019.01.16-15.32.25:759][858]Cmd: EDIT PASTE
[2019.01.16-15.32.34:045][827]LogSlate: FSceneViewport::OnFocusLost() reason 0
[2019.01.16-15.32.39:113][421]LogSlate: FSceneViewport::OnFocusLost() reason 0
[2019.01.16-15.33.01:081][949]LogEditorViewport: Clicking on Actor (LMB): BP_Sky_Sphere_C (Sky Sphere)
[2019.01.16-15.33.25:510][505]LogSlate: FSceneViewport::OnFocusLost() reason 0
[2019.01.16-15.33.31:994][270]Cmd: EDIT COPY
[2019.01.16-15.33.32:221][297]Cmd: EDIT PASTE
[2019.01.16-15.33.50:701][403]LogEditorViewport: Clicking on Actor (LMB): BP_Sky_Sphere_C (Sky Sphere5)
[2019.01.16-15.34.13:329][ 54]LogSlate: FSceneViewport::OnFocusLost() reason 2
[2019.01.16-15.34.14:865][235]LogSlate: FSceneViewport::OnFocusLost() reason 2
[2019.01.16-15.34.15:085][235]LogSavePackage: Moving '../../../../../../Users/u1108468/Documents/GitHub/whiteboxlevel/JH_ICWhiteBox001_AP/Saved/JH_StreetLevel3124CABE4B41A0D0B455219B246C6FDC.tmp' to '../../../../../../Users/u1108468/Documents/GitHub/whiteboxlevel/JH_ICWhiteBox001_AP/Content/JH_StreetLevel.umap'
[2019.01.16-15.34.16:137][350]LogSlate: FSceneViewport::OnFocusLost() reason 0
